This is pdfTeX, Version 3.14159265-2.6-1.40.19 (MiKTeX 2.9.6840 64-bit) (preloaded format=pdflatex 2019.9.23)  3 OCT 2019 08:10
entering extended mode
**./monografia.tex
(monografia.tex
LaTeX2e <2018-04-01> patch level 5
(inf-ufg.cls
Document Class: inf-ufg 2008/12/29 v1.8 INF-UFG Thesis Class
LaTeX 2e package inf-ufg' -- Released 29 dec 2008
("C:\Program Files\MiKTeX 2.9\tex\latex\base\ifthen.sty"
Package: ifthen 2014/09/29 v1.1c Standard LaTeX ifthen package (DPC)
) ("C:\Program Files\MiKTeX 2.9\tex\latex\base\report.cls"
Document Class: report 2014/09/29 v1.4h Standard LaTeX document class
("C:\Program Files\MiKTeX 2.9\tex\latex\base\size12.clo"
File: size12.clo 2014/09/29 v1.4h Standard LaTeX file (size option)
)
\c@part=\count80
\c@chapter=\count81
\c@section=\count82
\c@subsection=\count83
\c@subsubsection=\count84
\c@paragraph=\count85
\c@subparagraph=\count86
\c@figure=\count87
\c@table=\count88
\abovecaptionskip=\skip41
\belowcaptionskip=\skip42
\bibindent=\dimen102
) ("C:\Program Files\MiKTeX 2.9\tex\generic\beebe\texnames.sty"
This is texnames.sty, Version 1.09 <16 March 1993>
) ("C:\Program Files\MiKTeX 2.9\tex\generic\babel\babel.sty"
Package: babel 2018/09/26 3.24 The Babel package
 ("C:\Program Files\MiKTeX 2.9\tex\generic\babel\switch.def"
File: switch.def 2018/09/26 3.24 Babel switching mechanism
)
*************************************
* Local config file bblopts.cfg used
*
("C:\Program Files\MiKTeX 2.9\tex\latex\arabi\bblopts.cfg"
File: bblopts.cfg 2005/09/08 v0.1 add Arabic and Farsi to "declared" options of babel
)
("C:\Program Files\MiKTeX 2.9\tex\latex\babel-english\english.ldf"
Language: english 2017/06/06 v3.3r English support from the babel system

("C:\Program Files\MiKTeX 2.9\tex\generic\babel\babel.def"
File: babel.def 2018/09/26 3.24 Babel common definitions
\babel@savecnt=\count89
\U@D=\dimen103
 ("C:\Program Files\MiKTeX 2.9\tex\generic\babel\txtbabel.def")
\bbl@dirlevel=\count90
)
\l@canadian = a dialect from \language\l@american 
\l@australian = a dialect from \language\l@british 
\l@newzealand = a dialect from \language\l@british 
) ("C:\Program Files\MiKTeX 2.9\tex\latex\babel-portuges\portuges.ldf"
Language: portuges 2008/03/18 v1.2q Portuguese support from the babel system
Package babel Info: Making " an active character on input line 145.
)
("C:\Program Files\MiKTeX 2.9\tex\latex\babel-portuges\portuges.ldf"
Language: portuges 2008/03/18 v1.2q Portuguese support from the babel system
\l@brazil = a dialect from \language\l@portuges 
))
("C:\Program Files\MiKTeX 2.9\tex\latex\base\fontenc.sty"
Package: fontenc 2017/04/05 v2.0i Standard LaTeX package
 ("C:\Program Files\MiKTeX 2.9\tex\latex\base\t1enc.def"
File: t1enc.def 2017/04/05 v2.0i Standard LaTeX file
LaTeX Font Info:    Redeclaring font encoding T1 on input line 48.
))
("C:\Program Files\MiKTeX 2.9\tex\latex\base\inputenc.sty"
Package: inputenc 2018/04/06 v1.3b Input encoding file
\inpenc@prehook=\toks14
\inpenc@posthook=\toks15
 ("C:\Program Files\MiKTeX 2.9\tex\latex\base\ansinew.def"
File: ansinew.def 2018/04/06 v1.3b Input encoding file
))
("C:\Program Files\MiKTeX 2.9\tex\latex\amsfonts\amsfonts.sty"
Package: amsfonts 2013/01/14 v3.01 Basic AMSFonts support
\@emptytoks=\toks16
\symAMSa=\mathgroup4
\symAMSb=\mathgroup5
LaTeX Font Info:    Overwriting math alphabet `\mathfrak' in version `bold'
(Font)                  U/euf/m/n --> U/euf/b/n on input line 106.
)
("C:\Program Files\MiKTeX 2.9\tex\latex\pslatex\pslatex.sty"
Package: pslatex 1996/07/24 v1.2 pslatex emulation (DPC)
LaTeX Font Info:    Redeclaring symbol font `operators' on input line 65.
LaTeX Font Info:    Overwriting symbol font `operators' in version `normal'
(Font)                  OT1/cmr/m/n --> OT1/ptmcm/m/n on input line 65.
LaTeX Font Info:    Overwriting symbol font `operators' in version `bold'
(Font)                  OT1/cmr/bx/n --> OT1/ptmcm/m/n on input line 65.
LaTeX Font Info:    Redeclaring symbol font `letters' on input line 66.
LaTeX Font Info:    Overwriting symbol font `letters' in version `normal'
(Font)                  OML/cmm/m/it --> OML/ptmcm/m/it on input line 66.
LaTeX Font Info:    Overwriting symbol font `letters' in version `bold'
(Font)                  OML/cmm/b/it --> OML/ptmcm/m/it on input line 66.
LaTeX Font Info:    Redeclaring symbol font `symbols' on input line 67.
LaTeX Font Info:    Overwriting symbol font `symbols' in version `normal'
(Font)                  OMS/cmsy/m/n --> OMS/pzccm/m/n on input line 67.
LaTeX Font Info:    Overwriting symbol font `symbols' in version `bold'
(Font)                  OMS/cmsy/b/n --> OMS/pzccm/m/n on input line 67.
LaTeX Font Info:    Redeclaring symbol font `largesymbols' on input line 68.
LaTeX Font Info:    Overwriting symbol font `largesymbols' in version `normal'
(Font)                  OMX/cmex/m/n --> OMX/psycm/m/n on input line 68.
LaTeX Font Info:    Overwriting symbol font `largesymbols' in version `bold'
(Font)                  OMX/cmex/m/n --> OMX/psycm/m/n on input line 68.
\symbold=\mathgroup6
\symitalic=\mathgroup7
LaTeX Font Info:    Redeclaring math alphabet \mathbf on input line 74.
LaTeX Font Info:    Overwriting math alphabet `\mathbf' in version `normal'
(Font)                  OT1/cmr/bx/n --> OT1/ptm/bx/n on input line 74.
LaTeX Font Info:    Overwriting math alphabet `\mathbf' in version `bold'
(Font)                  OT1/cmr/bx/n --> OT1/ptm/bx/n on input line 74.
LaTeX Font Info:    Redeclaring math alphabet \mathit on input line 75.
LaTeX Font Info:    Overwriting math alphabet `\mathit' in version `normal'
(Font)                  OT1/cmr/m/it --> OT1/ptm/m/it on input line 75.
LaTeX Font Info:    Overwriting math alphabet `\mathit' in version `bold'
(Font)                  OT1/cmr/bx/it --> OT1/ptm/m/it on input line 75.
)
("C:\Program Files\MiKTeX 2.9\tex\latex\fancyvrb\fancyvrb.sty"
Package: fancyvrb 2018/11/01
 Style option: `fancyvrb' v3.0 <2018/11/01> (tvz)
("C:\Program Files\MiKTeX 2.9\tex\latex\xcolor\xcolor.sty"
Package: xcolor 2016/05/11 v2.12 LaTeX color extensions (UK)
 ("C:\Program Files\MiKTeX 2.9\tex\latex\graphics-cfg\color.cfg"
File: color.cfg 2016/01/02 v1.6 sample color configuration
)
Package xcolor Info: Driver file: pdftex.def on input line 225.
 ("C:\Program Files\MiKTeX 2.9\tex\latex\graphics-def\pdftex.def"
File: pdftex.def 2018/01/08 v1.0l Graphics/color driver for pdftex
)
Package xcolor Info: Model `cmy' substituted by `cmy0' on input line 1348.
Package xcolor Info: Model `hsb' substituted by `rgb' on input line 1352.
Package xcolor Info: Model `RGB' extended on input line 1364.
Package xcolor Info: Model `HTML' substituted by `rgb' on input line 1366.
Package xcolor Info: Model `Hsb' substituted by `hsb' on input line 1367.
Package xcolor Info: Model `tHsb' substituted by `hsb' on input line 1368.
Package xcolor Info: Model `HSB' substituted by `hsb' on input line 1369.
Package xcolor Info: Model `Gray' substituted by `gray' on input line 1370.
Package xcolor Info: Model `wave' substituted by `hsb' on input line 1371.
)
("C:\Program Files\MiKTeX 2.9\tex\latex\graphics\keyval.sty"
Package: keyval 2014/10/28 v1.15 key=value parser (DPC)
\KV@toks@=\toks17
)
\FV@CodeLineNo=\count91
\FV@InFile=\read1
\FV@TabBox=\box26
\c@FancyVerbLine=\count92
\FV@StepNumber=\count93
\FV@OutFile=\write3
)
("C:\Program Files\MiKTeX 2.9\tex\latex\tools\indentfirst.sty"
Package: indentfirst 1995/11/23 v1.03 Indent first paragraph (DPC)
)
("C:\Program Files\MiKTeX 2.9\tex\latex\setspace\setspace.sty"
Package: setspace 2011/12/19 v6.7a set line spacing
)
("C:\Program Files\MiKTeX 2.9\tex\latex\eso-pic\eso-pic.sty"
Package: eso-pic 2018/04/12 v2.0h eso-pic (RN)

("C:\Program Files\MiKTeX 2.9\tex\generic\oberdiek\atbegshi.sty"
Package: atbegshi 2016/06/09 v1.18 At begin shipout hook (HO)

("C:\Program Files\MiKTeX 2.9\tex\generic\oberdiek\infwarerr.sty"
Package: infwarerr 2016/05/16 v1.4 Providing info/warning/error messages (HO)
)
("C:\Program Files\MiKTeX 2.9\tex\generic\oberdiek\ltxcmds.sty"
Package: ltxcmds 2016/05/16 v1.23 LaTeX kernel commands for general use (HO)
)
("C:\Program Files\MiKTeX 2.9\tex\generic\oberdiek\ifpdf.sty"
Package: ifpdf 2018/09/07 v3.3 Provides the ifpdf switch
)))
("C:\Program Files\MiKTeX 2.9\tex\latex\lastpage\lastpage.sty"
Package: lastpage 2015/03/29 v1.2m Refers to last page's name (HMM; JPG)
)
("C:\Program Files\MiKTeX 2.9\tex\latex\hyperref\hyperref.sty"
Package: hyperref 2018/09/30 v6.88a Hypertext links for LaTeX

("C:\Program Files\MiKTeX 2.9\tex\generic\oberdiek\hobsub-hyperref.sty"
Package: hobsub-hyperref 2016/05/16 v1.14 Bundle oberdiek, subset hyperref (HO)

("C:\Program Files\MiKTeX 2.9\tex\generic\oberdiek\hobsub-generic.sty"
Package: hobsub-generic 2016/05/16 v1.14 Bundle oberdiek, subset generic (HO)
Package: hobsub 2016/05/16 v1.14 Construct package bundles (HO)
Package hobsub Info: Skipping package `infwarerr' (already loaded).
Package hobsub Info: Skipping package `ltxcmds' (already loaded).
Package: ifluatex 2016/05/16 v1.4 Provides the ifluatex switch (HO)
Package ifluatex Info: LuaTeX not detected.
Package: ifvtex 2016/05/16 v1.6 Detect VTeX and its facilities (HO)
Package ifvtex Info: VTeX not detected.
Package: intcalc 2016/05/16 v1.2 Expandable calculations with integers (HO)
Package hobsub Info: Skipping package `ifpdf' (already loaded).
Package: etexcmds 2016/05/16 v1.6 Avoid name clashes with e-TeX commands (HO)
Package etexcmds Info: Could not find \expanded.
(etexcmds)             That can mean that you are not using pdfTeX 1.50 or
(etexcmds)             that some package has redefined \expanded.
(etexcmds)             In the latter case, load this package earlier.
Package: kvsetkeys 2016/05/16 v1.17 Key value parser (HO)
Package: kvdefinekeys 2016/05/16 v1.4 Define keys (HO)
Package: pdftexcmds 2018/09/10 v0.29 Utility functions of pdfTeX for LuaTeX (HO)
Package pdftexcmds Info: LuaTeX not detected.
Package pdftexcmds Info: \pdf@primitive is available.
Package pdftexcmds Info: \pdf@ifprimitive is available.
Package pdftexcmds Info: \pdfdraftmode found.
Package: pdfescape 2016/05/16 v1.14 Implements pdfTeX's escape features (HO)
Package: bigintcalc 2016/05/16 v1.4 Expandable calculations on big integers (HO)
Package: bitset 2016/05/16 v1.2 Handle bit-vector datatype (HO)
Package: uniquecounter 2016/05/16 v1.3 Provide unlimited unique counter (HO)
)
Package hobsub Info: Skipping package `hobsub' (already loaded).
Package: letltxmacro 2016/05/16 v1.5 Let assignment for LaTeX macros (HO)
Package: hopatch 2016/05/16 v1.3 Wrapper for package hooks (HO)
Package: xcolor-patch 2016/05/16 xcolor patch
Package: atveryend 2016/05/16 v1.9 Hooks at the very end of document (HO)
Package atveryend Info: \enddocument detected (standard20110627).
Package hobsub Info: Skipping package `atbegshi' (already loaded).
Package: refcount 2016/05/16 v3.5 Data extraction from label references (HO)
Package: hycolor 2016/05/16 v1.8 Color options for hyperref/bookmark (HO)
)
("C:\Program Files\MiKTeX 2.9\tex\generic\ifxetex\ifxetex.sty"
Package: ifxetex 2010/09/12 v0.6 Provides ifxetex conditional
)
("C:\Program Files\MiKTeX 2.9\tex\latex\oberdiek\auxhook.sty"
Package: auxhook 2016/05/16 v1.4 Hooks for auxiliary files (HO)
)
("C:\Program Files\MiKTeX 2.9\tex\latex\oberdiek\kvoptions.sty"
Package: kvoptions 2016/05/16 v3.12 Key value format for package options (HO)
)
\@linkdim=\dimen104
\Hy@linkcounter=\count94
\Hy@pagecounter=\count95

("C:\Program Files\MiKTeX 2.9\tex\latex\hyperref\pd1enc.def"
File: pd1enc.def 2018/09/30 v6.88a Hyperref: PDFDocEncoding definition (HO)
Now handling font encoding PD1 ...
... no UTF-8 mapping file for font encoding PD1
)
\Hy@SavedSpaceFactor=\count96

("C:\Program Files\MiKTeX 2.9\tex\latex\00miktex\hyperref.cfg"
File: hyperref.cfg 2002/06/06 v1.2 hyperref configuration of TeXLive
)
Package hyperref Info: Hyper figures OFF on input line 4535.
Package hyperref Info: Link nesting OFF on input line 4540.
Package hyperref Info: Hyper index ON on input line 4543.
Package hyperref Info: Plain pages OFF on input line 4550.
Package hyperref Info: Backreferencing OFF on input line 4555.
Package hyperref Info: Implicit mode ON; LaTeX internals redefined.
Package hyperref Info: Bookmarks ON on input line 4788.
\c@Hy@tempcnt=\count97
 ("C:\Program Files\MiKTeX 2.9\tex\latex\url\url.sty"
\Urlmuskip=\muskip10
Package: url 2013/09/16  ver 3.4  Verb mode for urls, etc.
)
LaTeX Info: Redefining \url on input line 5141.
\XeTeXLinkMargin=\dimen105
\Fld@menulength=\count98
\Field@Width=\dimen106
\Fld@charsize=\dimen107
Package hyperref Info: Hyper figures OFF on input line 6396.
Package hyperref Info: Link nesting OFF on input line 6401.
Package hyperref Info: Hyper index ON on input line 6404.
Package hyperref Info: backreferencing OFF on input line 6411.
Package hyperref Info: Link coloring OFF on input line 6416.
Package hyperref Info: Link coloring with OCG OFF on input line 6421.
Package hyperref Info: PDF/A mode OFF on input line 6426.
LaTeX Info: Redefining \ref on input line 6466.
LaTeX Info: Redefining \pageref on input line 6470.
\Hy@abspage=\count99
\c@Item=\count100
\c@Hfootnote=\count101
)
Package hyperref Info: Driver: hpdftex.

("C:\Program Files\MiKTeX 2.9\tex\latex\hyperref\hpdftex.def"
File: hpdftex.def 2018/09/30 v6.88a Hyperref driver for pdfTeX
\Fld@listcount=\count102
\c@bookmark@seq@number=\count103

("C:\Program Files\MiKTeX 2.9\tex\latex\oberdiek\rerunfilecheck.sty"
Package: rerunfilecheck 2016/05/16 v1.8 Rerun checks for auxiliary files (HO)
Package uniquecounter Info: New unique counter `rerunfilecheck' on input line 282.
)
\Hy@SectionHShift=\skip43
)
Package hyperref Info: Option `bookmarksopen' set `false' on input line 188.
Package hyperref Info: Option `bookmarksnumbered' set `true' on input line 188.
Package hyperref Info: Option `hypertexnames' set `false' on input line 188.
Package hyperref Info: Option `naturalnames' set `true' on input line 188.
Package hyperref Info: Option `colorlinks' set `true' on input line 198.

("C:\Program Files\MiKTeX 2.9\tex\latex\graphics\graphicx.sty"
Package: graphicx 2017/06/01 v1.1a Enhanced LaTeX Graphics (DPC,SPQR)

("C:\Program Files\MiKTeX 2.9\tex\latex\graphics\graphics.sty"
Package: graphics 2017/06/25 v1.2c Standard LaTeX Graphics (DPC,SPQR)
 ("C:\Program Files\MiKTeX 2.9\tex\latex\graphics\trig.sty"
Package: trig 2016/01/03 v1.10 sin cos tan (DPC)
) ("C:\Program Files\MiKTeX 2.9\tex\latex\graphics-cfg\graphics.cfg"
File: graphics.cfg 2016/06/04 v1.11 sample graphics configuration
)
Package graphics Info: Driver file: pdftex.def on input line 99.
)
\Gin@req@height=\dimen108
\Gin@req@width=\dimen109
)
("C:\Program Files\MiKTeX 2.9\tex\latex\caption\caption.sty"
Package: caption 2018/10/06 v3.3-154 Customizing captions (AR)
 ("C:\Program Files\MiKTeX 2.9\tex\latex\caption\caption3.sty"
Package: caption3 2018/09/12 v1.8c caption3 kernel (AR)
Package caption3 Info: TeX engine: e-TeX on input line 64.
\captionmargin=\dimen110
\captionmargin@=\dimen111
\captionwidth=\dimen112
\caption@tempdima=\dimen113
\caption@indent=\dimen114
\caption@parindent=\dimen115
\caption@hangindent=\dimen116
)
\c@caption@flags=\count104
\c@ContinuedFloat=\count105
Package caption Info: hyperref package is loaded.
) ("C:\Program Files\MiKTeX 2.9\tex\latex\subfigure\subfigure.sty"
Package: subfigure 2002/07/30 v2.1.4 subfigure package
\subfigtopskip=\skip44
\subfigcapskip=\skip45
\subfigcaptopadj=\dimen117
\subfigbottomskip=\skip46
\subfigcapmargin=\dimen118
\subfiglabelskip=\skip47
\c@subfigure=\count106
\c@lofdepth=\count107
\c@subtable=\count108
\c@lotdepth=\count109

****************************************
* Local config file subfigure.cfg used *
****************************************
("C:\Program Files\MiKTeX 2.9\tex\latex\subfigure\subfigure.cfg")
\subfig@top=\skip48
\subfig@bottom=\skip49
)
("C:\Program Files\MiKTeX 2.9\tex\latex\algorithm2e\algorithm2e.sty"
Package: algorithm2e 2017/07/18 v5.2 algorithms environments
\c@AlgoLine=\count110
\algocf@hangindent=\skip50

("C:\Program Files\MiKTeX 2.9\tex\latex\ifoddpage\ifoddpage.sty"
Package: ifoddpage 2016/04/23 v1.1 Conditionals for odd/even page detection
\c@checkoddpage=\count111
)
("C:\Program Files\MiKTeX 2.9\tex\latex\tools\xspace.sty"
Package: xspace 2014/10/28 v1.13 Space after command names (DPC,MH)
) ("C:\Program Files\MiKTeX 2.9\tex\latex\relsize\relsize.sty"
Package: relsize 2013/03/29 ver 4.1
)
\skiptotal=\skip51
\skiplinenumber=\skip52
\skiprule=\skip53
\skiphlne=\skip54
\skiptext=\skip55
\skiplength=\skip56
\algomargin=\skip57
\skipalgocfslide=\skip58
\algowidth=\dimen119
\inoutsize=\dimen120
\inoutindent=\dimen121
\interspacetitleruled=\dimen122
\interspacealgoruled=\dimen123
\interspacetitleboxruled=\dimen124
\algocf@ruledwidth=\skip59
\algocf@inoutbox=\box27
\algocf@inputbox=\box28
\AlCapSkip=\skip60
\AlCapHSkip=\skip61
\algoskipindent=\skip62
\algocf@nlbox=\box29
\algocf@hangingbox=\box30
\algocf@untilbox=\box31
\algocf@skipuntil=\skip63
\algocf@capbox=\box32
\algocf@lcaptionbox=\skip64
\algoheightruledefault=\skip65
\algoheightrule=\skip66
\algotitleheightruledefault=\skip67
\algotitleheightrule=\skip68
\c@algocfline=\count112
\c@algocfproc=\count113
\c@algocf=\count114
\algocf@algoframe=\box33
\algocf@algobox=\box34
) ("C:\Program Files\MiKTeX 2.9\tex\latex\float\float.sty"
Package: float 2001/11/08 v1.3d Float enhancements (AL)
\c@float@type=\count115
\float@exts=\toks18
\float@box=\box35
\@float@everytoks=\toks19
\@floatcapt=\box36
)
\@float@every@codigo=\toks20
\c@codigo=\count116
 ("C:\Program Files\MiKTeX 2.9\tex\latex\fancyhdr\fancyhdr.sty"
Package: fancyhdr 2017/06/30 v3.9a Extensive control of page headers and footers
\f@nch@headwidth=\skip69
\f@nch@O@elh=\skip70
\f@nch@O@erh=\skip71
\f@nch@O@olh=\skip72
\f@nch@O@orh=\skip73
\f@nch@O@elf=\skip74
\f@nch@O@erf=\skip75
\f@nch@O@olf=\skip76
\f@nch@O@orf=\skip77
) ("C:\Program Files\MiKTeX 2.9\tex\latex\tocbibind\tocbibind.sty"
Package: tocbibind 2010/10/13 v1.5k extra ToC listings
Package tocbibind Info: The document has chapter divisions on input line 50.


Package tocbibind Note: Using chapter style headings, unless overridden.

) (tocloft.sty
Package: tocloft 2002/06/15 v2.3 parameterised ToC, etc., typesetting


Package tocloft Note: The document has chapter divisions.

\cftparskip=\skip78
\cftbeforetoctitleskip=\skip79
\cftaftertoctitleskip=\skip80
\cftbeforepartskip=\skip81
\cftpartnumwidth=\skip82
\cftpartindent=\skip83
\cftbeforechapskip=\skip84
\cftchapindent=\skip85
\cftchapnumwidth=\skip86
\cftbeforesecskip=\skip87
\cftsecindent=\skip88
\cftsecnumwidth=\skip89
\cftbeforesubsecskip=\skip90
\cftsubsecindent=\skip91
\cftsubsecnumwidth=\skip92
\cftbeforesubsubsecskip=\skip93
\cftsubsubsecindent=\skip94
\cftsubsubsecnumwidth=\skip95
\cftbeforeparaskip=\skip96
\cftparaindent=\skip97
\cftparanumwidth=\skip98
\cftbeforesubparaskip=\skip99
\cftsubparaindent=\skip100
\cftsubparanumwidth=\skip101
\cftbeforeloftitleskip=\skip102
\cftafterloftitleskip=\skip103
\cftbeforefigskip=\skip104
\cftfigindent=\skip105
\cftfignumwidth=\skip106
\cftbeforelottitleskip=\skip107
\cftafterlottitleskip=\skip108
\cftbeforetabskip=\skip109
\cfttabindent=\skip110
\cfttabnumwidth=\skip111
) ("C:\Program Files\MiKTeX 2.9\tex\latex\titlesec\titletoc.sty"
Package: titletoc 2011/12/15 v1.6 TOC entries
\ttl@leftsep=\dimen125
)
\c@definition=\count117

("C:\Program Files\MiKTeX 2.9\tex\latex\enumitem\enumitem.sty"
Package: enumitem 2011/09/28 v3.5.2 Customized lists
\labelindent=\skip112
\enit@outerparindent=\dimen126
\enit@toks=\toks21
\enit@inbox=\box37
\enitdp@description=\count118
)) ("C:\Program Files\MiKTeX 2.9\tex\latex\tools\array.sty"
Package: array 2018/04/30 v2.4h Tabular extension package (FMi)
\col@sep=\dimen127
\ar@mcellbox=\box38
\extrarowheight=\dimen128
\NC@list=\toks22
\extratabsurround=\skip113
\backup@length=\skip114
\ar@cellbox=\box39
) ("C:\Program Files\MiKTeX 2.9\tex\latex\booktabs\booktabs.sty"
Package: booktabs 2005/04/14 v1.61803 publication quality tables
\heavyrulewidth=\dimen129
\lightrulewidth=\dimen130
\cmidrulewidth=\dimen131
\belowrulesep=\dimen132
\belowbottomsep=\dimen133
\aboverulesep=\dimen134
\abovetopsep=\dimen135
\cmidrulesep=\dimen136
\cmidrulekern=\dimen137
\defaultaddspace=\dimen138
\@cmidla=\count119
\@cmidlb=\count120
\@aboverulesep=\dimen139
\@belowrulesep=\dimen140
\@thisruleclass=\count121
\@lastruleclass=\count122
\@thisrulewidth=\dimen141
)
("C:\Program Files\MiKTeX 2.9\tex\latex\tools\longtable.sty"
Package: longtable 2014/10/28 v4.11 Multi-page Table package (DPC)
\LTleft=\skip115
\LTright=\skip116
\LTpre=\skip117
\LTpost=\skip118
\LTchunksize=\count123
\LTcapwidth=\dimen142
\LT@head=\box40
\LT@firsthead=\box41
\LT@foot=\box42
\LT@lastfoot=\box43
\LT@cols=\count124
\LT@rows=\count125
\c@LT@tables=\count126
\c@LT@chunks=\count127
\LT@p@ftn=\toks23
)
("C:\Program Files\MiKTeX 2.9\tex\latex\pdfpages\pdfpages.sty"
Package: pdfpages 2017/10/31 v0.5l Insert pages of external PDF documents (AM)
 ("C:\Program Files\MiKTeX 2.9\tex\latex\tools\calc.sty"
Package: calc 2017/05/25 v4.3 Infix arithmetic (KKT,FJ)
\calc@Acount=\count128
\calc@Bcount=\count129
\calc@Adimen=\dimen143
\calc@Bdimen=\dimen144
\calc@Askip=\skip119
\calc@Bskip=\skip120
LaTeX Info: Redefining \setlength on input line 80.
LaTeX Info: Redefining \addtolength on input line 81.
\calc@Ccount=\count130
\calc@Cskip=\skip121
)
\AM@pagewidth=\dimen145
\AM@pageheight=\dimen146

("C:\Program Files\MiKTeX 2.9\tex\latex\pdfpages\pppdftex.def"
File: pppdftex.def 2017/10/31 v0.5l Pdfpages driver for pdfTeX (AM)
)
\AM@pagebox=\box44
\AM@global@opts=\toks24
\AM@toc@title=\toks25
\c@AM@survey=\count131
\AM@templatesizebox=\box45
) (monografia.aux)
\openout1 = `monografia.aux'.

LaTeX Font Info:    Checking defaults for OML/cmm/m/it on input line 19.
LaTeX Font Info:    ... okay on input line 19.
LaTeX Font Info:    Checking defaults for T1/cmr/m/n on input line 19.
LaTeX Font Info:    ... okay on input line 19.
LaTeX Font Info:    Checking defaults for OT1/cmr/m/n on input line 19.
LaTeX Font Info:    ... okay on input line 19.
LaTeX Font Info:    Checking defaults for OMS/pzccm/m/n on input line 19.
LaTeX Font Info:    Try loading font information for OMS+pzccm on input line 19.

("C:\Program Files\MiKTeX 2.9\tex\latex\psnfss\omspzccm.fd"
File: omspzccm.fd 2000/01/03 Fontinst v1.801 font definitions for OMS/pzccm.
)
LaTeX Font Info:    ... okay on input line 19.
LaTeX Font Info:    Checking defaults for OMX/cmex/m/n on input line 19.
LaTeX Font Info:    ... okay on input line 19.
LaTeX Font Info:    Checking defaults for U/cmr/m/n on input line 19.
LaTeX Font Info:    ... okay on input line 19.
LaTeX Font Info:    Checking defaults for PD1/pdf/m/n on input line 19.
LaTeX Font Info:    ... okay on input line 19.

("C:\Program Files\MiKTeX 2.9\tex\context\base\mkii\supp-pdf.mkii"
[Loading MPS to PDF converter (version 2006.09.02).]
\scratchcounter=\count132
\scratchdimen=\dimen147
\scratchbox=\box46
\nofMPsegments=\count133
\nofMParguments=\count134
\everyMPshowfont=\toks26
\MPscratchCnt=\count135
\MPscratchDim=\dimen148
\MPnumerator=\count136
\makeMPintoPDFobject=\count137
\everyMPtoPDFconversion=\toks27
) ("C:\Program Files\MiKTeX 2.9\tex\latex\oberdiek\epstopdf-base.sty"
Package: epstopdf-base 2016/05/15 v2.6 Base part for package epstopdf

("C:\Program Files\MiKTeX 2.9\tex\latex\oberdiek\grfext.sty"
Package: grfext 2016/05/16 v1.2 Manage graphics extensions (HO)
)
Package epstopdf-base Info: Redefining graphics rule for `.eps' on input line 438.
Package grfext Info: Graphics extension search list:
(grfext)             [.jpg,.pdf,.mps,.png,.eps]
(grfext)             \AppendGraphicsExtensions on input line 456.
)
\AtBeginShipoutBox=\box47
Package lastpage Info: Please have a look at the pageslts package at
(lastpage)             https://www.ctan.org/pkg/pageslts
(lastpage)             ! on input line 19.
Package hyperref Info: Link coloring ON on input line 19.

("C:\Program Files\MiKTeX 2.9\tex\latex\hyperref\nameref.sty"
Package: nameref 2016/05/21 v2.44 Cross-referencing by name of section

("C:\Program Files\MiKTeX 2.9\tex\generic\oberdiek\gettitlestring.sty"
Package: gettitlestring 2016/05/16 v1.5 Cleanup title references (HO)
)
\c@section@level=\count138
)
LaTeX Info: Redefining \ref on input line 19.
LaTeX Info: Redefining \pageref on input line 19.
LaTeX Info: Redefining \nameref on input line 19.
 (monografia.out) (monografia.out)
\@outlinefile=\write4
\openout4 = `monografia.out'.

Package caption Info: Begin \AtBeginDocument code.
Package caption Info: float package is loaded.
Package caption Info: longtable package is loaded.

("C:\Program Files\MiKTeX 2.9\tex\latex\caption\ltcaption.sty"
Package: ltcaption 2018/08/26 v1.4-95 longtable captions (AR)
)
Package caption Info: subfigure package is loaded.
Package caption Info: End \AtBeginDocument code.

("C:\Program Files\MiKTeX 2.9\tex\latex\oberdiek\pdflscape.sty"
Package: pdflscape 2016/05/14 v0.11 Display of landscape pages in PDF (HO)

("C:\Program Files\MiKTeX 2.9\tex\latex\graphics\lscape.sty"
Package: lscape 2000/10/22 v3.01 Landscape Pages (DPC)
)
Package pdflscape Info: Auto-detected driver: pdftex on input line 81.
)
LaTeX Font Info:    Font shape `T1/ptm/bx/n' in size <24.88> not available
(Font)              Font shape `T1/ptm/b/n' tried instead on input line 64.
 [1

{C:/Users/igoro/AppData/Local/MiKTeX/2.9/pdftex/config/pdftex.map}]
LaTeX Font Info:    Font shape `T1/ptm/bx/sc' in size <17.28> not available
(Font)              Font shape `T1/ptm/b/sc' tried instead on input line 65.
LaTeX Font Info:    Font shape `T1/ptm/bx/n' in size <12> not available
(Font)              Font shape `T1/ptm/b/n' tried instead on input line 65.
LaTeX Font Info:    Try loading font information for OT1+ptmcm on input line 65.
 ("C:\Program Files\MiKTeX 2.9\tex\latex\psnfss\ot1ptmcm.fd"
File: ot1ptmcm.fd 2000/01/03 Fontinst v1.801 font definitions for OT1/ptmcm.
)
LaTeX Font Info:    Try loading font information for OML+ptmcm on input line 65.

("C:\Program Files\MiKTeX 2.9\tex\latex\psnfss\omlptmcm.fd"
File: omlptmcm.fd 2000/01/03 Fontinst v1.801 font definitions for OML/ptmcm.
)
LaTeX Font Info:    Try loading font information for OMX+psycm on input line 65.
 ("C:\Program Files\MiKTeX 2.9\tex\latex\psnfss\omxpsycm.fd"
File: omxpsycm.fd 2000/01/03 Fontinst v1.801 font definitions for OMX/psycm.
)
LaTeX Font Info:    Try loading font information for U+msa on input line 65.
 ("C:\Program Files\MiKTeX 2.9\tex\latex\amsfonts\umsa.fd"
File: umsa.fd 2013/01/14 v3.01 AMS symbols A
)
LaTeX Font Info:    Try loading font information for U+msb on input line 65.
 ("C:\Program Files\MiKTeX 2.9\tex\latex\amsfonts\umsb.fd"
File: umsb.fd 2013/01/14 v3.01 AMS symbols B
)
LaTeX Font Info:    Font shape `OT1/ptm/bx/n' in size <12> not available
(Font)              Font shape `OT1/ptm/b/n' tried instead on input line 65.
LaTeX Font Info:    Font shape `OT1/ptm/bx/n' in size <9> not available
(Font)              Font shape `OT1/ptm/b/n' tried instead on input line 65.
LaTeX Font Info:    Font shape `OT1/ptm/bx/n' in size <7> not available
(Font)              Font shape `OT1/ptm/b/n' tried instead on input line 65.
LaTeX Font Info:    Font shape `OT1/ptm/bx/n' in size <10.95> not available
(Font)              Font shape `OT1/ptm/b/n' tried instead on input line 65.
LaTeX Font Info:    Font shape `OT1/ptm/bx/n' in size <8> not available
(Font)              Font shape `OT1/ptm/b/n' tried instead on input line 65.
LaTeX Font Info:    Font shape `OT1/ptm/bx/n' in size <6> not available
(Font)              Font shape `OT1/ptm/b/n' tried instead on input line 65.

Underfull \hbox (badness 10000) in paragraph at lines 65--65
[] $[]$
 []

[1] [1] (tex/pre_aprovacao.tex
LaTeX Font Info:    Font shape `T1/ptm/bx/n' in size <10.95> not available
(Font)              Font shape `T1/ptm/b/n' tried instead on input line 1.
 [2

]) (tex/pre_direitos.tex
LaTeX Font Info:    Font shape `T1/phv/m/n' will be
(Font)              scaled to size 10.79993pt on input line 4.
LaTeX Font Info:    Font shape `T1/phv/bx/n' in size <12> not available
(Font)              Font shape `T1/phv/b/n' tried instead on input line 4.
LaTeX Font Info:    Font shape `T1/phv/b/n' will be
(Font)              scaled to size 10.79993pt on input line 4.
 [3

]) (tex/pre_dedicatoria.tex [4

]) (tex/pre_agradecimentos.tex
LaTeX Font Info:    Font shape `T1/ptm/bx/n' in size <17.28> not available
(Font)              Font shape `T1/ptm/b/n' tried instead on input line 1.
[5

]) (tex/pre_epigrafe.tex [6

]) (tex/pre_resumo.tex
Underfull \hbox (badness 10000) in paragraph at lines 3--3
[]$[]$
 []

[7

]) (tex/pre_abstract.tex [8

]) (monografia.toc
LaTeX Font Info:    Font shape `T1/phv/m/n' will be
(Font)              scaled to size 9.85492pt on input line 5.
LaTeX Font Info:    Font shape `T1/phv/m/n' will be
(Font)              scaled to size 8.99994pt on input line 12.
 [9



])
\tf@toc=\write5
\openout5 = `monografia.toc'.

 [10] (tex/pre_siglas.tex
LaTeX Font Info:    Font shape `OMS/ptm/m/n' in size <9> not available
(Font)              Font shape `OMS/pzccm/m/n' tried instead on input line 27.
LaTeX Font Info:    Font shape `OT1/ptm/bx/n' in size <5> not available
(Font)              Font shape `OT1/ptm/b/n' tried instead on input line 27.
 [11

] [12]) (monografia.lof)
\tf@lof=\write6
\openout6 = `monografia.lof'.

 [13


]
(monografia.lot)
\tf@lot=\write7
\openout7 = `monografia.lot'.

 [14


] (tex/cap_I.tex
Cap\'{\i }tulo 1.
LaTeX Font Info:    Font shape `T1/phv/m/n' will be
(Font)              scaled to size 15.55188pt on input line 1.
LaTeX Font Info:    Font shape `T1/phv/m/n' will be
(Font)              scaled to size 22.39185pt on input line 1.
LaTeX Font Info:    Font shape `T1/phv/m/n' will be
(Font)              scaled to size 18.66588pt on input line 1.
LaTeX Font Info:    Font shape `T1/ptm/bx/n' in size <20.74> not available
(Font)              Font shape `T1/ptm/b/n' tried instead on input line 1.
LaTeX Font Info:    Font shape `OT1/ptm/bx/n' in size <10> not available
(Font)              Font shape `OT1/ptm/b/n' tried instead on input line 9.
LaTeX Font Info:    Font shape `OT1/ptm/bx/n' in size <7.4> not available
(Font)              Font shape `OT1/ptm/b/n' tried instead on input line 9.
<./fig/organograma-cercomp-completo.jpeg, id=355, 1284.8pt x 1051.93pt>
File: ./fig/organograma-cercomp-completo.jpeg Graphic file (type jpg)
<use ./fig/organograma-cercomp-completo.jpeg>
Package pdftex.def Info: ./fig/organograma-cercomp-completo.jpeg  used on input line 20.
(pdftex.def)             Requested size: 426.79134pt x 349.43329pt.
LaTeX Font Info:    Font shape `T1/ptm/bx/it' in size <10.95> not available
(Font)              Font shape `T1/ptm/b/it' tried instead on input line 21.
[15


] [16 <./fig/organograma-cercomp-completo.jpeg>] [17] [18]) (tex/cap_II.tex [19]
Cap\'{\i }tulo 2.
[20

]
LaTeX Font Info:    Font shape `OMS/ptm/m/n' in size <12> not available
(Font)              Font shape `OMS/pzccm/m/n' tried instead on input line 22.
<./fig/itil_ciclo-de-vida_cestari.png, id=402, 561.09625pt x 549.05125pt>
File: ./fig/itil_ciclo-de-vida_cestari.png Graphic file (type png)
<use ./fig/itil_ciclo-de-vida_cestari.png>
Package pdftex.def Info: ./fig/itil_ciclo-de-vida_cestari.png  used on input line 33.
(pdftex.def)             Requested size: 336.66034pt x 329.43329pt.
LaTeX Font Info:    Font shape `T1/ptm/bx/n' in size <14.4> not available
(Font)              Font shape `T1/ptm/b/n' tried instead on input line 40.
 [21 <./fig/itil_ciclo-de-vida_cestari.png>] [22] [23]
LaTeX Font Info:    Font shape `T1/ptm/bx/it' in size <12> not available
(Font)              Font shape `T1/ptm/b/it' tried instead on input line 126.
<./fig/4Ps.png, id=432, 433.62pt x 338.01282pt>
File: ./fig/4Ps.png Graphic file (type png)
<use ./fig/4Ps.png>
Package pdftex.def Info: ./fig/4Ps.png  used on input line 139.
(pdftex.def)             Requested size: 260.17401pt x 202.80925pt.
 [24] [25 <./fig/4Ps.png>]
<./fig/conceitos.png, id=445, 665.48625pt x 338.26375pt>
File: ./fig/conceitos.png Graphic file (type png)
<use ./fig/conceitos.png>
Package pdftex.def Info: ./fig/conceitos.png  used on input line 169.
(pdftex.def)             Requested size: 399.29483pt x 202.95981pt.
<./fig/pacote_desenho.png, id=449, 680.5425pt x 105.39375pt>
File: ./fig/pacote_desenho.png Graphic file (type png)
<use ./fig/pacote_desenho.png>
Package pdftex.def Info: ./fig/pacote_desenho.png  used on input line 181.
(pdftex.def)             Requested size: 426.79181pt x 99.58635pt.
 [26 <./fig/conceitos.png>] [27 <./fig/pacote_desenho.png>]
<./fig/tipos_ans.png, id=467, 377.15906pt x 441.90094pt>
File: ./fig/tipos_ans.png Graphic file (type png)
<use ./fig/tipos_ans.png>
Package pdftex.def Info: ./fig/tipos_ans.png  used on input line 221.
(pdftex.def)             Requested size: 377.15814pt x 441.89986pt.
 [28] [29 <./fig/tipos_ans.png>]
Underfull \hbox (badness 10000) in paragraph at lines 271--272

 []

[30] [31]
<./fig/catalogo-negocio-e-servicos.png, id=491, 489.83pt x 468.75125pt>
File: ./fig/catalogo-negocio-e-servicos.png Graphic file (type png)
<use ./fig/catalogo-negocio-e-servicos.png>
Package pdftex.def Info: ./fig/catalogo-negocio-e-servicos.png  used on input line 332.
(pdftex.def)             Requested size: 293.90025pt x 281.25291pt.
 [32] [33 <./fig/catalogo-negocio-e-servicos.png>]) (tex/cap_III.tex [34]
Cap\'{\i }tulo 3.
[35

]
LaTeX Font Info:    Font shape `T1/ptm/bx/n' in size <10> not available
(Font)              Font shape `T1/ptm/b/n' tried instead on input line 31.
<./fig/atendimentos-glpi.png, id=513, 513.92pt x 318.18875pt>
File: ./fig/atendimentos-glpi.png Graphic file (type png)
<use ./fig/atendimentos-glpi.png>
Package pdftex.def Info: ./fig/atendimentos-glpi.png  used on input line 45.
(pdftex.def)             Requested size: 308.35437pt x 190.9147pt.
 [36] [37 <./fig/atendimentos-glpi.png>] [38]
Underfull \hbox (badness 10000) in paragraph at lines 124--124
[]|[][]$\T1/pcr/m/n/10 https : / / sti . ufba . br /
 []


Underfull \hbox (badness 10000) in paragraph at lines 125--125
[]|[][]$\T1/pcr/m/n/10 https : / / ctic . unifesspa . edu . br /
 []


Underfull \hbox (badness 10000) in paragraph at lines 126--126
[]|[][]$\T1/pcr/m/n/10 https : / / www . ufpe . br / nti /
 []


Underfull \hbox (badness 10000) in paragraph at lines 127--127
[]|[][]$\T1/pcr/m/n/10 http : / / novo . ufvjm . edu . br / dti /
 []


Underfull \hbox (badness 10000) in paragraph at lines 128--128
[]|[][]$\T1/pcr/m/n/10 https : / / www . unifal-[]mg . edu . br / nti /
 []


Underfull \hbox (badness 10000) in paragraph at lines 129--129
[]|[][]$\T1/pcr/m/n/10 https : / / protic . ufob . edu . br /
 []


Underfull \hbox (badness 10000) in paragraph at lines 130--130
[]|[][]$\T1/pcr/m/n/10 https : / / ufrb . edu . br / cotec /
 []


Underfull \hbox (badness 10000) in paragraph at lines 131--131
[]|[][]$\T1/pcr/m/n/10 https : / / sutic . ufersa . edu . br /
 []


Overfull \hbox (1.4641pt too wide) in paragraph at lines 132--132
 []|\T1/ptm/m/n/10 10| 
 []


Underfull \hbox (badness 10000) in paragraph at lines 132--133
[]|[][]$\T1/pcr/m/n/10 https : / / www . ufmg . br / dti /
 []

[39]
<./fig/atendimento.png, id=564, 644.4075pt x 295.1025pt>
File: ./fig/atendimento.png Graphic file (type png)
<use ./fig/atendimento.png>
Package pdftex.def Info: ./fig/atendimento.png  used on input line 180.
(pdftex.def)             Requested size: 386.64748pt x 177.06285pt.
 [40 <./fig/atendimento.png>]
Underfull \hbox (badness 4886) in paragraph at lines 191--192
[]\T1/ptm/m/n/12 O re-sul-tado de cada etapa do pro-cesso é en-ca-mi-nhado para va-li-da-
 []

<./fig/BPM_catalogo-servicos_elaboracao_resumido.png, id=572, 1168.365pt x 612.2875pt>
File: ./fig/BPM_catalogo-servicos_elaboracao_resumido.png Graphic file (type png)
<use ./fig/BPM_catalogo-servicos_elaboracao_resumido.png>
Package pdftex.def Info: ./fig/BPM_catalogo-servicos_elaboracao_resumido.png  used on input line 195.
(pdftex.def)             Requested size: 426.79134pt x 223.66527pt.
[41 <./fig/BPM_catalogo-servicos_elaboracao_resumido.png>]
<./fig/criar_vm.png, id=581, 649.67719pt x 709.90219pt>
File: ./fig/criar_vm.png Graphic file (type png)
<use ./fig/criar_vm.png>
Package pdftex.def Info: ./fig/criar_vm.png  used on input line 260.
(pdftex.def)             Requested size: 389.80931pt x 425.9446pt.
 [42] [43 <./fig/criar_vm.png>]
<./fig/criar_rotina_backup.png, id=602, 627.84563pt x 438.8897pt>
File: ./fig/criar_rotina_backup.png Graphic file (type png)
<use ./fig/criar_rotina_backup.png>
Package pdftex.def Info: ./fig/criar_rotina_backup.png  used on input line 281.
(pdftex.def)             Requested size: 376.71028pt x 263.33585pt.
 [44 <./fig/criar_rotina_backup.png>]
<./fig/criar_usuario.png, id=609, 635.37375pt x 448.67625pt>
File: ./fig/criar_usuario.png Graphic file (type png)
<use ./fig/criar_usuario.png>
Package pdftex.def Info: ./fig/criar_usuario.png  used on input line 300.
(pdftex.def)             Requested size: 381.22719pt x 269.20782pt.
 [45 <./fig/criar_usuario.png>]
<./fig/colocation.png, id=616, 650.43pt x 892.83563pt>
File: ./fig/colocation.png Graphic file (type png)
<use ./fig/colocation.png>
Package pdftex.def Info: ./fig/colocation.png  used on input line 323.
(pdftex.def)             Requested size: 426.79134pt x 585.86745pt.
<./fig/mapa-mental_categorizacao_servicos-TI_CERCOMP.png, id=618, 1358.07375pt x 1684.2925pt>
File: ./fig/mapa-mental_categorizacao_servicos-TI_CERCOMP.png Graphic file (type png)
<use ./fig/mapa-mental_categorizacao_servicos-TI_CERCOMP.png>
Package pdftex.def Info: ./fig/mapa-mental_categorizacao_servicos-TI_CERCOMP.png  used on input line 338.
(pdftex.def)             Requested size: 426.79134pt x 529.29564pt.
 [46] [47 <./fig/colocation.png>] [48 <./fig/mapa-mental_categorizacao_servicos-TI_CERCOMP.png (PNG copy)>]
<./fig/modelo-espec-de-servicos-ti.png, id=636, 809.0225pt x 1014.79124pt>
File: ./fig/modelo-espec-de-servicos-ti.png Graphic file (type png)
<use ./fig/modelo-espec-de-servicos-ti.png>
Package pdftex.def Info: ./fig/modelo-espec-de-servicos-ti.png  used on input line 360.
(pdftex.def)             Requested size: 404.51027pt x 507.39438pt.
 [49 <./fig/modelo-espec-de-servicos-ti.png>]
<./fig/BPM_gerenciar-catalogo-de-servico.jpeg, id=644, 1031.855pt x 827.09pt>
File: ./fig/BPM_gerenciar-catalogo-de-servico.jpeg Graphic file (type jpg)
<use ./fig/BPM_gerenciar-catalogo-de-servico.jpeg>
Package pdftex.def Info: ./fig/BPM_gerenciar-catalogo-de-servico.jpeg  used on input line 378.
(pdftex.def)             Requested size: 426.79134pt x 342.10011pt.
 [50 <./fig/BPM_gerenciar-catalogo-de-servico.jpeg>] [51]
<./fig/prototipo_catalogo-servicos_principal.jpg, id=664, 1084.05pt x 1481.535pt>
File: ./fig/prototipo_catalogo-servicos_principal.jpg Graphic file (type jpg)
<use ./fig/prototipo_catalogo-servicos_principal.jpg>
Package pdftex.def Info: ./fig/prototipo_catalogo-servicos_principal.jpg  used on input line 418.
(pdftex.def)             Requested size: 426.79134pt x 583.28967pt.
<./fig/prototipo_catalogo-servicos_pagina-interna.jpg, id=665, 1091.07625pt x 962.59625pt>
File: ./fig/prototipo_catalogo-servicos_pagina-interna.jpg Graphic file (type jpg)
<use ./fig/prototipo_catalogo-servicos_pagina-interna.jpg>
Package pdftex.def Info: ./fig/prototipo_catalogo-servicos_pagina-interna.jpg  used on input line 425.
(pdftex.def)             Requested size: 426.79134pt x 376.52731pt.
) (tex/cap_IV.tex [52] [53 <./fig/prototipo_catalogo-servicos_principal.jpg>] [54 <./fig/prototipo_catalogo-servicos_pag
ina-interna.jpg>]
Cap\'{\i }tulo 4.
[55

]) (tex/cap_V.tex) (monografia.bbl [56]
LaTeX Font Info:    Font shape `T1/phv/m/sc' will be
(Font)              scaled to size 10.79993pt on input line 4.

Underfull \hbox (badness 10000) in paragraph at lines 40--46
[]\T1/phv/m/sc/12 GLPI Team.  \T1/ptm/b/n/12 GLPI De-ve-lo-per Do-cu-men-ta-tion\T1/ptm/m/n/12 .  [][]$\T1/pcr/m/n/12 ht
tps : / /
 []


Underfull \hbox (badness 10000) in paragraph at lines 40--46
\T1/pcr/m/n/12 glpi-[]developer-[]documentation . readthedocs . io / en / master / devapi/$[][]\T1/ptm/m/n/12 ,
 []

[57

]) [58] (tex/pos_apendices.tex
Ap\^endice A.
File: ./fig/BPM_catalogo-servicos_elaboracao_resumido.png Graphic file (type png)
<use ./fig/BPM_catalogo-servicos_elaboracao_resumido.png>
Package pdftex.def Info: ./fig/BPM_catalogo-servicos_elaboracao_resumido.png  used on input line 8.
(pdftex.def)             Requested size: 426.79134pt x 223.66527pt.
<./fig/BPM_catalogo-servicos_sub-levantar-servicos.png, id=719, 574.39594pt x 339.51843pt>
File: ./fig/BPM_catalogo-servicos_sub-levantar-servicos.png Graphic file (type png)
<use ./fig/BPM_catalogo-servicos_sub-levantar-servicos.png>
Package pdftex.def Info: ./fig/BPM_catalogo-servicos_sub-levantar-servicos.png  used on input line 12.
(pdftex.def)             Requested size: 132.30426pt x 78.20157pt.
<./fig/BPM_catalogo-servicos_sub-especificar-servicos.png, id=720, 574.39594pt x 340.27126pt>
File: ./fig/BPM_catalogo-servicos_sub-especificar-servicos.png Graphic file (type png)
<use ./fig/BPM_catalogo-servicos_sub-especificar-servicos.png>
Package pdftex.def Info: ./fig/BPM_catalogo-servicos_sub-especificar-servicos.png  used on input line 16.
(pdftex.def)             Requested size: 132.30426pt x 78.37495pt.
<./fig/BPM_catalogo-servicos_sub-categorizar-servicos.png, id=721, 572.1375pt x 337.26pt>
File: ./fig/BPM_catalogo-servicos_sub-categorizar-servicos.png Graphic file (type png)
<use ./fig/BPM_catalogo-servicos_sub-categorizar-servicos.png>
Package pdftex.def Info: ./fig/BPM_catalogo-servicos_sub-categorizar-servicos.png  used on input line 20.
(pdftex.def)             Requested size: 132.30426pt x 77.99014pt.

Overfull \hbox (6.0pt too wide) in paragraph at lines 8--21
[][] 
 []

File: ./fig/BPM_catalogo-servicos_sub-levantar-servicos.png Graphic file (type png)
<use ./fig/BPM_catalogo-servicos_sub-levantar-servicos.png>
Package pdftex.def Info: ./fig/BPM_catalogo-servicos_sub-levantar-servicos.png  used on input line 26.
(pdftex.def)             Requested size: 426.79134pt x 252.27582pt.
File: ./fig/BPM_catalogo-servicos_sub-especificar-servicos.png Graphic file (type png)
<use ./fig/BPM_catalogo-servicos_sub-especificar-servicos.png>
Package pdftex.def Info: ./fig/BPM_catalogo-servicos_sub-especificar-servicos.png  used on input line 32.
(pdftex.def)             Requested size: 426.79134pt x 252.8352pt.
File: ./fig/BPM_catalogo-servicos_sub-categorizar-servicos.png Graphic file (type png)
<use ./fig/BPM_catalogo-servicos_sub-categorizar-servicos.png>
Package pdftex.def Info: ./fig/BPM_catalogo-servicos_sub-categorizar-servicos.png  used on input line 38.
(pdftex.def)             Requested size: 426.79134pt x 251.58578pt.
[59


 <./fig/BPM_catalogo-servicos_sub-levantar-servicos.png> <./fig/BPM_catalogo-servicos_sub-especificar-servicos.png> <./f
ig/BPM_catalogo-servicos_sub-categorizar-servicos.png>] [60] [61]
Ap\^endice B.
<./mods/ANS-CERCOMP_UFG.pdf, id=745, 598.235pt x 846.16125pt>
File: ./mods/ANS-CERCOMP_UFG.pdf Graphic file (type pdf)
<use ./mods/ANS-CERCOMP_UFG.pdf>
Package pdftex.def Info: ./mods/ANS-CERCOMP_UFG.pdf  used on input line 50.
(pdftex.def)             Requested size: 598.23354pt x 846.1592pt.
File: ./mods/ANS-CERCOMP_UFG.pdf Graphic file (type pdf)
<use ./mods/ANS-CERCOMP_UFG.pdf>
Package pdftex.def Info: ./mods/ANS-CERCOMP_UFG.pdf  used on input line 50.
(pdftex.def)             Requested size: 598.23354pt x 846.1592pt.
<./mods/ANS-CERCOMP_UFG.pdf, id=748, page=1, 598.235pt x 846.16125pt>
File: ./mods/ANS-CERCOMP_UFG.pdf Graphic file (type pdf)
<use ./mods/ANS-CERCOMP_UFG.pdf, page 1>
Package pdftex.def Info: ./mods/ANS-CERCOMP_UFG.pdf , page1 used on input line 50.
(pdftex.def)             Requested size: 426.79134pt x 603.67085pt.
File: ./mods/ANS-CERCOMP_UFG.pdf Graphic file (type pdf)
<use ./mods/ANS-CERCOMP_UFG.pdf, page 1>
Package pdftex.def Info: ./mods/ANS-CERCOMP_UFG.pdf , page1 used on input line 50.
(pdftex.def)             Requested size: 598.23354pt x 846.1592pt.
[62

]
File: ./mods/ANS-CERCOMP_UFG.pdf Graphic file (type pdf)
<use ./mods/ANS-CERCOMP_UFG.pdf, page 1>
Package pdftex.def Info: ./mods/ANS-CERCOMP_UFG.pdf , page1 used on input line 50.
(pdftex.def)             Requested size: 598.23354pt x 846.1592pt.
File: ./mods/ANS-CERCOMP_UFG.pdf Graphic file (type pdf)
<use ./mods/ANS-CERCOMP_UFG.pdf, page 1>
Package pdftex.def Info: ./mods/ANS-CERCOMP_UFG.pdf , page1 used on input line 50.
(pdftex.def)             Requested size: 598.23354pt x 846.1592pt.
File: ./mods/ANS-CERCOMP_UFG.pdf Graphic file (type pdf)
<use ./mods/ANS-CERCOMP_UFG.pdf, page 1>
Package pdftex.def Info: ./mods/ANS-CERCOMP_UFG.pdf , page1 used on input line 50.
(pdftex.def)             Requested size: 598.23354pt x 846.1592pt.
 [63 <./mods/ANS-CERCOMP_UFG.pdf>]
<./mods/ANS-CERCOMP_UFG.pdf, id=784, page=2, 598.235pt x 846.16125pt>
File: ./mods/ANS-CERCOMP_UFG.pdf Graphic file (type pdf)
<use ./mods/ANS-CERCOMP_UFG.pdf, page 2>
Package pdftex.def Info: ./mods/ANS-CERCOMP_UFG.pdf , page2 used on input line 50.
(pdftex.def)             Requested size: 598.23354pt x 846.1592pt.
File: ./mods/ANS-CERCOMP_UFG.pdf Graphic file (type pdf)
<use ./mods/ANS-CERCOMP_UFG.pdf, page 2>
Package pdftex.def Info: ./mods/ANS-CERCOMP_UFG.pdf , page2 used on input line 50.
(pdftex.def)             Requested size: 598.23354pt x 846.1592pt.
File: ./mods/ANS-CERCOMP_UFG.pdf Graphic file (type pdf)
<use ./mods/ANS-CERCOMP_UFG.pdf, page 2>
Package pdftex.def Info: ./mods/ANS-CERCOMP_UFG.pdf , page2 used on input line 50.
(pdftex.def)             Requested size: 598.23354pt x 846.1592pt.
 [64 <./mods/ANS-CERCOMP_UFG.pdf>]
<./mods/ANS-CERCOMP_UFG.pdf, id=794, page=3, 598.235pt x 846.16125pt>
File: ./mods/ANS-CERCOMP_UFG.pdf Graphic file (type pdf)
<use ./mods/ANS-CERCOMP_UFG.pdf, page 3>
Package pdftex.def Info: ./mods/ANS-CERCOMP_UFG.pdf , page3 used on input line 50.
(pdftex.def)             Requested size: 598.23354pt x 846.1592pt.
File: ./mods/ANS-CERCOMP_UFG.pdf Graphic file (type pdf)
<use ./mods/ANS-CERCOMP_UFG.pdf, page 3>
Package pdftex.def Info: ./mods/ANS-CERCOMP_UFG.pdf , page3 used on input line 50.
(pdftex.def)             Requested size: 598.23354pt x 846.1592pt.
File: ./mods/ANS-CERCOMP_UFG.pdf Graphic file (type pdf)
<use ./mods/ANS-CERCOMP_UFG.pdf, page 3>
Package pdftex.def Info: ./mods/ANS-CERCOMP_UFG.pdf , page3 used on input line 50.
(pdftex.def)             Requested size: 598.23354pt x 846.1592pt.
 [65 <./mods/ANS-CERCOMP_UFG.pdf>]
<./mods/ANS-CERCOMP_UFG.pdf, id=801, page=4, 598.235pt x 846.16125pt>
File: ./mods/ANS-CERCOMP_UFG.pdf Graphic file (type pdf)
<use ./mods/ANS-CERCOMP_UFG.pdf, page 4>
Package pdftex.def Info: ./mods/ANS-CERCOMP_UFG.pdf , page4 used on input line 50.
(pdftex.def)             Requested size: 598.23354pt x 846.1592pt.
File: ./mods/ANS-CERCOMP_UFG.pdf Graphic file (type pdf)
<use ./mods/ANS-CERCOMP_UFG.pdf, page 4>
Package pdftex.def Info: ./mods/ANS-CERCOMP_UFG.pdf , page4 used on input line 50.
(pdftex.def)             Requested size: 598.23354pt x 846.1592pt.
File: ./mods/ANS-CERCOMP_UFG.pdf Graphic file (type pdf)
<use ./mods/ANS-CERCOMP_UFG.pdf, page 4>
Package pdftex.def Info: ./mods/ANS-CERCOMP_UFG.pdf , page4 used on input line 50.
(pdftex.def)             Requested size: 598.23354pt x 846.1592pt.
 [66 <./mods/ANS-CERCOMP_UFG.pdf>]
<./mods/ANS-CERCOMP_UFG.pdf, id=806, page=5, 598.235pt x 846.16125pt>
File: ./mods/ANS-CERCOMP_UFG.pdf Graphic file (type pdf)
<use ./mods/ANS-CERCOMP_UFG.pdf, page 5>
Package pdftex.def Info: ./mods/ANS-CERCOMP_UFG.pdf , page5 used on input line 50.
(pdftex.def)             Requested size: 598.23354pt x 846.1592pt.
File: ./mods/ANS-CERCOMP_UFG.pdf Graphic file (type pdf)
<use ./mods/ANS-CERCOMP_UFG.pdf, page 5>
Package pdftex.def Info: ./mods/ANS-CERCOMP_UFG.pdf , page5 used on input line 50.
(pdftex.def)             Requested size: 598.23354pt x 846.1592pt.
File: ./mods/ANS-CERCOMP_UFG.pdf Graphic file (type pdf)
<use ./mods/ANS-CERCOMP_UFG.pdf, page 5>
Package pdftex.def Info: ./mods/ANS-CERCOMP_UFG.pdf , page5 used on input line 50.
(pdftex.def)             Requested size: 598.23354pt x 846.1592pt.
 [67 <./mods/ANS-CERCOMP_UFG.pdf>]
<./mods/ANS-CERCOMP_UFG.pdf, id=811, page=6, 598.235pt x 846.16125pt>
File: ./mods/ANS-CERCOMP_UFG.pdf Graphic file (type pdf)
<use ./mods/ANS-CERCOMP_UFG.pdf, page 6>
Package pdftex.def Info: ./mods/ANS-CERCOMP_UFG.pdf , page6 used on input line 50.
(pdftex.def)             Requested size: 598.23354pt x 846.1592pt.
File: ./mods/ANS-CERCOMP_UFG.pdf Graphic file (type pdf)
<use ./mods/ANS-CERCOMP_UFG.pdf, page 6>
Package pdftex.def Info: ./mods/ANS-CERCOMP_UFG.pdf , page6 used on input line 50.
(pdftex.def)             Requested size: 598.23354pt x 846.1592pt.
File: ./mods/ANS-CERCOMP_UFG.pdf Graphic file (type pdf)
<use ./mods/ANS-CERCOMP_UFG.pdf, page 6>
Package pdftex.def Info: ./mods/ANS-CERCOMP_UFG.pdf , page6 used on input line 50.
(pdftex.def)             Requested size: 598.23354pt x 846.1592pt.
 [68 <./mods/ANS-CERCOMP_UFG.pdf>]
<./mods/ANS-CERCOMP_UFG.pdf, id=816, page=7, 598.235pt x 846.16125pt>
File: ./mods/ANS-CERCOMP_UFG.pdf Graphic file (type pdf)
<use ./mods/ANS-CERCOMP_UFG.pdf, page 7>
Package pdftex.def Info: ./mods/ANS-CERCOMP_UFG.pdf , page7 used on input line 50.
(pdftex.def)             Requested size: 598.23354pt x 846.1592pt.
File: ./mods/ANS-CERCOMP_UFG.pdf Graphic file (type pdf)
<use ./mods/ANS-CERCOMP_UFG.pdf, page 7>
Package pdftex.def Info: ./mods/ANS-CERCOMP_UFG.pdf , page7 used on input line 50.
(pdftex.def)             Requested size: 598.23354pt x 846.1592pt.
File: ./mods/ANS-CERCOMP_UFG.pdf Graphic file (type pdf)
<use ./mods/ANS-CERCOMP_UFG.pdf, page 7>
Package pdftex.def Info: ./mods/ANS-CERCOMP_UFG.pdf , page7 used on input line 50.
(pdftex.def)             Requested size: 598.23354pt x 846.1592pt.
 [69 <./mods/ANS-CERCOMP_UFG.pdf>]
<./mods/ANS-CERCOMP_UFG.pdf, id=821, page=8, 598.235pt x 846.16125pt>
File: ./mods/ANS-CERCOMP_UFG.pdf Graphic file (type pdf)
<use ./mods/ANS-CERCOMP_UFG.pdf, page 8>
Package pdftex.def Info: ./mods/ANS-CERCOMP_UFG.pdf , page8 used on input line 50.
(pdftex.def)             Requested size: 598.23354pt x 846.1592pt.
File: ./mods/ANS-CERCOMP_UFG.pdf Graphic file (type pdf)
<use ./mods/ANS-CERCOMP_UFG.pdf, page 8>
Package pdftex.def Info: ./mods/ANS-CERCOMP_UFG.pdf , page8 used on input line 50.
(pdftex.def)             Requested size: 598.23354pt x 846.1592pt.
File: ./mods/ANS-CERCOMP_UFG.pdf Graphic file (type pdf)
<use ./mods/ANS-CERCOMP_UFG.pdf, page 8>
Package pdftex.def Info: ./mods/ANS-CERCOMP_UFG.pdf , page8 used on input line 50.
(pdftex.def)             Requested size: 598.23354pt x 846.1592pt.
 [70 <./mods/ANS-CERCOMP_UFG.pdf>]
<./mods/ANO-Infra_Sistemas.pdf, id=826, 598.235pt x 846.16125pt>
File: ./mods/ANO-Infra_Sistemas.pdf Graphic file (type pdf)
<use ./mods/ANO-Infra_Sistemas.pdf>
Package pdftex.def Info: ./mods/ANO-Infra_Sistemas.pdf  used on input line 51.
(pdftex.def)             Requested size: 598.23354pt x 846.1592pt.
File: ./mods/ANO-Infra_Sistemas.pdf Graphic file (type pdf)
<use ./mods/ANO-Infra_Sistemas.pdf>
Package pdftex.def Info: ./mods/ANO-Infra_Sistemas.pdf  used on input line 51.
(pdftex.def)             Requested size: 598.23354pt x 846.1592pt.
<./mods/ANO-Infra_Sistemas.pdf, id=829, page=1, 598.235pt x 846.16125pt>
File: ./mods/ANO-Infra_Sistemas.pdf Graphic file (type pdf)
<use ./mods/ANO-Infra_Sistemas.pdf, page 1>
Package pdftex.def Info: ./mods/ANO-Infra_Sistemas.pdf , page1 used on input line 51.
(pdftex.def)             Requested size: 426.79134pt x 603.67085pt.
File: ./mods/ANO-Infra_Sistemas.pdf Graphic file (type pdf)
<use ./mods/ANO-Infra_Sistemas.pdf, page 1>
Package pdftex.def Info: ./mods/ANO-Infra_Sistemas.pdf , page1 used on input line 51.
(pdftex.def)             Requested size: 598.23354pt x 846.1592pt.
File: ./mods/ANO-Infra_Sistemas.pdf Graphic file (type pdf)
<use ./mods/ANO-Infra_Sistemas.pdf, page 1>
Package pdftex.def Info: ./mods/ANO-Infra_Sistemas.pdf , page1 used on input line 51.
(pdftex.def)             Requested size: 598.23354pt x 846.1592pt.
File: ./mods/ANO-Infra_Sistemas.pdf Graphic file (type pdf)
<use ./mods/ANO-Infra_Sistemas.pdf, page 1>
Package pdftex.def Info: ./mods/ANO-Infra_Sistemas.pdf , page1 used on input line 51.
(pdftex.def)             Requested size: 598.23354pt x 846.1592pt.
File: ./mods/ANO-Infra_Sistemas.pdf Graphic file (type pdf)
<use ./mods/ANO-Infra_Sistemas.pdf, page 1>
Package pdftex.def Info: ./mods/ANO-Infra_Sistemas.pdf , page1 used on input line 51.
(pdftex.def)             Requested size: 598.23354pt x 846.1592pt.
 [71 <./mods/ANO-Infra_Sistemas.pdf>]
<./mods/ANO-Infra_Sistemas.pdf, id=862, page=2, 598.235pt x 846.16125pt>
File: ./mods/ANO-Infra_Sistemas.pdf Graphic file (type pdf)
<use ./mods/ANO-Infra_Sistemas.pdf, page 2>
Package pdftex.def Info: ./mods/ANO-Infra_Sistemas.pdf , page2 used on input line 51.
(pdftex.def)             Requested size: 598.23354pt x 846.1592pt.
File: ./mods/ANO-Infra_Sistemas.pdf Graphic file (type pdf)
<use ./mods/ANO-Infra_Sistemas.pdf, page 2>
Package pdftex.def Info: ./mods/ANO-Infra_Sistemas.pdf , page2 used on input line 51.
(pdftex.def)             Requested size: 598.23354pt x 846.1592pt.
File: ./mods/ANO-Infra_Sistemas.pdf Graphic file (type pdf)
<use ./mods/ANO-Infra_Sistemas.pdf, page 2>
Package pdftex.def Info: ./mods/ANO-Infra_Sistemas.pdf , page2 used on input line 51.
(pdftex.def)             Requested size: 598.23354pt x 846.1592pt.
 [72 <./mods/ANO-Infra_Sistemas.pdf>]
<./mods/ANO-Infra_Sistemas.pdf, id=872, page=3, 598.235pt x 846.16125pt>
File: ./mods/ANO-Infra_Sistemas.pdf Graphic file (type pdf)
<use ./mods/ANO-Infra_Sistemas.pdf, page 3>
Package pdftex.def Info: ./mods/ANO-Infra_Sistemas.pdf , page3 used on input line 51.
(pdftex.def)             Requested size: 598.23354pt x 846.1592pt.
File: ./mods/ANO-Infra_Sistemas.pdf Graphic file (type pdf)
<use ./mods/ANO-Infra_Sistemas.pdf, page 3>
Package pdftex.def Info: ./mods/ANO-Infra_Sistemas.pdf , page3 used on input line 51.
(pdftex.def)             Requested size: 598.23354pt x 846.1592pt.
File: ./mods/ANO-Infra_Sistemas.pdf Graphic file (type pdf)
<use ./mods/ANO-Infra_Sistemas.pdf, page 3>
Package pdftex.def Info: ./mods/ANO-Infra_Sistemas.pdf , page3 used on input line 51.
(pdftex.def)             Requested size: 598.23354pt x 846.1592pt.
 [73 <./mods/ANO-Infra_Sistemas.pdf>]
<./mods/ANO-Infra_Sistemas.pdf, id=878, page=4, 598.235pt x 846.16125pt>
File: ./mods/ANO-Infra_Sistemas.pdf Graphic file (type pdf)
<use ./mods/ANO-Infra_Sistemas.pdf, page 4>
Package pdftex.def Info: ./mods/ANO-Infra_Sistemas.pdf , page4 used on input line 51.
(pdftex.def)             Requested size: 598.23354pt x 846.1592pt.
File: ./mods/ANO-Infra_Sistemas.pdf Graphic file (type pdf)
<use ./mods/ANO-Infra_Sistemas.pdf, page 4>
Package pdftex.def Info: ./mods/ANO-Infra_Sistemas.pdf , page4 used on input line 51.
(pdftex.def)             Requested size: 598.23354pt x 846.1592pt.
File: ./mods/ANO-Infra_Sistemas.pdf Graphic file (type pdf)
<use ./mods/ANO-Infra_Sistemas.pdf, page 4>
Package pdftex.def Info: ./mods/ANO-Infra_Sistemas.pdf , page4 used on input line 51.
(pdftex.def)             Requested size: 598.23354pt x 846.1592pt.
 [74 <./mods/ANO-Infra_Sistemas.pdf>]
<./mods/ANO-Infra_Sistemas.pdf, id=883, page=5, 598.235pt x 846.16125pt>
File: ./mods/ANO-Infra_Sistemas.pdf Graphic file (type pdf)
<use ./mods/ANO-Infra_Sistemas.pdf, page 5>
Package pdftex.def Info: ./mods/ANO-Infra_Sistemas.pdf , page5 used on input line 51.
(pdftex.def)             Requested size: 598.23354pt x 846.1592pt.
File: ./mods/ANO-Infra_Sistemas.pdf Graphic file (type pdf)
<use ./mods/ANO-Infra_Sistemas.pdf, page 5>
Package pdftex.def Info: ./mods/ANO-Infra_Sistemas.pdf , page5 used on input line 51.
(pdftex.def)             Requested size: 598.23354pt x 846.1592pt.
File: ./mods/ANO-Infra_Sistemas.pdf Graphic file (type pdf)
<use ./mods/ANO-Infra_Sistemas.pdf, page 5>
Package pdftex.def Info: ./mods/ANO-Infra_Sistemas.pdf , page5 used on input line 51.
(pdftex.def)             Requested size: 598.23354pt x 846.1592pt.
 [75 <./mods/ANO-Infra_Sistemas.pdf>]
<./mods/ANO-Infra_Sistemas.pdf, id=888, page=6, 598.235pt x 846.16125pt>
File: ./mods/ANO-Infra_Sistemas.pdf Graphic file (type pdf)
<use ./mods/ANO-Infra_Sistemas.pdf, page 6>
Package pdftex.def Info: ./mods/ANO-Infra_Sistemas.pdf , page6 used on input line 51.
(pdftex.def)             Requested size: 598.23354pt x 846.1592pt.
File: ./mods/ANO-Infra_Sistemas.pdf Graphic file (type pdf)
<use ./mods/ANO-Infra_Sistemas.pdf, page 6>
Package pdftex.def Info: ./mods/ANO-Infra_Sistemas.pdf , page6 used on input line 51.
(pdftex.def)             Requested size: 598.23354pt x 846.1592pt.
File: ./mods/ANO-Infra_Sistemas.pdf Graphic file (type pdf)
<use ./mods/ANO-Infra_Sistemas.pdf, page 6>
Package pdftex.def Info: ./mods/ANO-Infra_Sistemas.pdf , page6 used on input line 51.
(pdftex.def)             Requested size: 598.23354pt x 846.1592pt.
 [76 <./mods/ANO-Infra_Sistemas.pdf>]
<./mods/ANO-Infra_Sistemas.pdf, id=893, page=7, 598.235pt x 846.16125pt>
File: ./mods/ANO-Infra_Sistemas.pdf Graphic file (type pdf)
<use ./mods/ANO-Infra_Sistemas.pdf, page 7>
Package pdftex.def Info: ./mods/ANO-Infra_Sistemas.pdf , page7 used on input line 51.
(pdftex.def)             Requested size: 598.23354pt x 846.1592pt.
File: ./mods/ANO-Infra_Sistemas.pdf Graphic file (type pdf)
<use ./mods/ANO-Infra_Sistemas.pdf, page 7>
Package pdftex.def Info: ./mods/ANO-Infra_Sistemas.pdf , page7 used on input line 51.
(pdftex.def)             Requested size: 598.23354pt x 846.1592pt.
File: ./mods/ANO-Infra_Sistemas.pdf Graphic file (type pdf)
<use ./mods/ANO-Infra_Sistemas.pdf, page 7>
Package pdftex.def Info: ./mods/ANO-Infra_Sistemas.pdf , page7 used on input line 51.
(pdftex.def)             Requested size: 598.23354pt x 846.1592pt.
 [77 <./mods/ANO-Infra_Sistemas.pdf>]
<./mods/ANO-Infra_Sistemas.pdf, id=899, page=8, 598.235pt x 846.16125pt>
File: ./mods/ANO-Infra_Sistemas.pdf Graphic file (type pdf)
<use ./mods/ANO-Infra_Sistemas.pdf, page 8>
Package pdftex.def Info: ./mods/ANO-Infra_Sistemas.pdf , page8 used on input line 51.
(pdftex.def)             Requested size: 598.23354pt x 846.1592pt.
File: ./mods/ANO-Infra_Sistemas.pdf Graphic file (type pdf)
<use ./mods/ANO-Infra_Sistemas.pdf, page 8>
Package pdftex.def Info: ./mods/ANO-Infra_Sistemas.pdf , page8 used on input line 51.
(pdftex.def)             Requested size: 598.23354pt x 846.1592pt.
File: ./mods/ANO-Infra_Sistemas.pdf Graphic file (type pdf)
<use ./mods/ANO-Infra_Sistemas.pdf, page 8>
Package pdftex.def Info: ./mods/ANO-Infra_Sistemas.pdf , page8 used on input line 51.
(pdftex.def)             Requested size: 598.23354pt x 846.1592pt.
 [78 <./mods/ANO-Infra_Sistemas.pdf>]
<./mods/especificacao-de-servicos_cat-servidores-e-armazenamento.pdf, id=904, 597.23125pt x 845.1575pt>
File: ./mods/especificacao-de-servicos_cat-servidores-e-armazenamento.pdf Graphic file (type pdf)
<use ./mods/especificacao-de-servicos_cat-servidores-e-armazenamento.pdf>
Package pdftex.def Info: ./mods/especificacao-de-servicos_cat-servidores-e-armazenamento.pdf  used on input line 52.
(pdftex.def)             Requested size: 597.22978pt x 845.15544pt.
File: ./mods/especificacao-de-servicos_cat-servidores-e-armazenamento.pdf Graphic file (type pdf)
<use ./mods/especificacao-de-servicos_cat-servidores-e-armazenamento.pdf>
Package pdftex.def Info: ./mods/especificacao-de-servicos_cat-servidores-e-armazenamento.pdf  used on input line 52.
(pdftex.def)             Requested size: 597.22978pt x 845.15544pt.
<./mods/especificacao-de-servicos_cat-servidores-e-armazenamento.pdf, id=907, page=1, 597.23125pt x 845.1575pt>
File: ./mods/especificacao-de-servicos_cat-servidores-e-armazenamento.pdf Graphic file (type pdf)
<use ./mods/especificacao-de-servicos_cat-servidores-e-armazenamento.pdf, page 1>
Package pdftex.def Info: ./mods/especificacao-de-servicos_cat-servidores-e-armazenamento.pdf , page1 used on input line 
52.
(pdftex.def)             Requested size: 426.79134pt x 603.97353pt.
File: ./mods/especificacao-de-servicos_cat-servidores-e-armazenamento.pdf Graphic file (type pdf)
<use ./mods/especificacao-de-servicos_cat-servidores-e-armazenamento.pdf, page 1>
Package pdftex.def Info: ./mods/especificacao-de-servicos_cat-servidores-e-armazenamento.pdf , page1 used on input line 
52.
(pdftex.def)             Requested size: 597.22978pt x 845.15544pt.
File: ./mods/especificacao-de-servicos_cat-servidores-e-armazenamento.pdf Graphic file (type pdf)
<use ./mods/especificacao-de-servicos_cat-servidores-e-armazenamento.pdf, page 1>
Package pdftex.def Info: ./mods/especificacao-de-servicos_cat-servidores-e-armazenamento.pdf , page1 used on input line 
52.
(pdftex.def)             Requested size: 597.22978pt x 845.15544pt.
File: ./mods/especificacao-de-servicos_cat-servidores-e-armazenamento.pdf Graphic file (type pdf)
<use ./mods/especificacao-de-servicos_cat-servidores-e-armazenamento.pdf, page 1>
Package pdftex.def Info: ./mods/especificacao-de-servicos_cat-servidores-e-armazenamento.pdf , page1 used on input line 
52.
(pdftex.def)             Requested size: 597.22978pt x 845.15544pt.
File: ./mods/especificacao-de-servicos_cat-servidores-e-armazenamento.pdf Graphic file (type pdf)
<use ./mods/especificacao-de-servicos_cat-servidores-e-armazenamento.pdf, page 1>
Package pdftex.def Info: ./mods/especificacao-de-servicos_cat-servidores-e-armazenamento.pdf , page1 used on input line 
52.
(pdftex.def)             Requested size: 597.22978pt x 845.15544pt.
 [79 <./mods/especificacao-de-servicos_cat-servidores-e-armazenamento.pdf>]
<./mods/especificacao-de-servicos_cat-servidores-e-armazenamento.pdf, id=929, page=2, 597.23125pt x 845.1575pt>
File: ./mods/especificacao-de-servicos_cat-servidores-e-armazenamento.pdf Graphic file (type pdf)
<use ./mods/especificacao-de-servicos_cat-servidores-e-armazenamento.pdf, page 2>
Package pdftex.def Info: ./mods/especificacao-de-servicos_cat-servidores-e-armazenamento.pdf , page2 used on input line 
52.
(pdftex.def)             Requested size: 597.22978pt x 845.15544pt.
File: ./mods/especificacao-de-servicos_cat-servidores-e-armazenamento.pdf Graphic file (type pdf)
<use ./mods/especificacao-de-servicos_cat-servidores-e-armazenamento.pdf, page 2>
Package pdftex.def Info: ./mods/especificacao-de-servicos_cat-servidores-e-armazenamento.pdf , page2 used on input line 
52.
(pdftex.def)             Requested size: 597.22978pt x 845.15544pt.
File: ./mods/especificacao-de-servicos_cat-servidores-e-armazenamento.pdf Graphic file (type pdf)
<use ./mods/especificacao-de-servicos_cat-servidores-e-armazenamento.pdf, page 2>
Package pdftex.def Info: ./mods/especificacao-de-servicos_cat-servidores-e-armazenamento.pdf , page2 used on input line 
52.
(pdftex.def)             Requested size: 597.22978pt x 845.15544pt.
 [80 <./mods/especificacao-de-servicos_cat-servidores-e-armazenamento.pdf>]
<./mods/especificacao-de-servicos_cat-servidores-e-armazenamento.pdf, id=935, page=3, 597.23125pt x 845.1575pt>
File: ./mods/especificacao-de-servicos_cat-servidores-e-armazenamento.pdf Graphic file (type pdf)
<use ./mods/especificacao-de-servicos_cat-servidores-e-armazenamento.pdf, page 3>
Package pdftex.def Info: ./mods/especificacao-de-servicos_cat-servidores-e-armazenamento.pdf , page3 used on input line 
52.
(pdftex.def)             Requested size: 597.22978pt x 845.15544pt.
File: ./mods/especificacao-de-servicos_cat-servidores-e-armazenamento.pdf Graphic file (type pdf)
<use ./mods/especificacao-de-servicos_cat-servidores-e-armazenamento.pdf, page 3>
Package pdftex.def Info: ./mods/especificacao-de-servicos_cat-servidores-e-armazenamento.pdf , page3 used on input line 
52.
(pdftex.def)             Requested size: 597.22978pt x 845.15544pt.
File: ./mods/especificacao-de-servicos_cat-servidores-e-armazenamento.pdf Graphic file (type pdf)
<use ./mods/especificacao-de-servicos_cat-servidores-e-armazenamento.pdf, page 3>
Package pdftex.def Info: ./mods/especificacao-de-servicos_cat-servidores-e-armazenamento.pdf , page3 used on input line 
52.
(pdftex.def)             Requested size: 597.22978pt x 845.15544pt.
 [81 <./mods/especificacao-de-servicos_cat-servidores-e-armazenamento.pdf>]
<./mods/especificacao-de-servicos_cat-servidores-e-armazenamento.pdf, id=941, page=4, 597.23125pt x 845.1575pt>
File: ./mods/especificacao-de-servicos_cat-servidores-e-armazenamento.pdf Graphic file (type pdf)
<use ./mods/especificacao-de-servicos_cat-servidores-e-armazenamento.pdf, page 4>
Package pdftex.def Info: ./mods/especificacao-de-servicos_cat-servidores-e-armazenamento.pdf , page4 used on input line 
52.
(pdftex.def)             Requested size: 597.22978pt x 845.15544pt.
File: ./mods/especificacao-de-servicos_cat-servidores-e-armazenamento.pdf Graphic file (type pdf)
<use ./mods/especificacao-de-servicos_cat-servidores-e-armazenamento.pdf, page 4>
Package pdftex.def Info: ./mods/especificacao-de-servicos_cat-servidores-e-armazenamento.pdf , page4 used on input line 
52.
(pdftex.def)             Requested size: 597.22978pt x 845.15544pt.
File: ./mods/especificacao-de-servicos_cat-servidores-e-armazenamento.pdf Graphic file (type pdf)
<use ./mods/especificacao-de-servicos_cat-servidores-e-armazenamento.pdf, page 4>
Package pdftex.def Info: ./mods/especificacao-de-servicos_cat-servidores-e-armazenamento.pdf , page4 used on input line 
52.
(pdftex.def)             Requested size: 597.22978pt x 845.15544pt.
 [82 <./mods/especificacao-de-servicos_cat-servidores-e-armazenamento.pdf>]
Ap\^endice C.
<./mods/modelo-de-ANS.pdf, id=947, 598.235pt x 846.16125pt>
File: ./mods/modelo-de-ANS.pdf Graphic file (type pdf)
<use ./mods/modelo-de-ANS.pdf>
Package pdftex.def Info: ./mods/modelo-de-ANS.pdf  used on input line 58.
(pdftex.def)             Requested size: 598.23354pt x 846.1592pt.
File: ./mods/modelo-de-ANS.pdf Graphic file (type pdf)
<use ./mods/modelo-de-ANS.pdf>
Package pdftex.def Info: ./mods/modelo-de-ANS.pdf  used on input line 58.
(pdftex.def)             Requested size: 598.23354pt x 846.1592pt.
<./mods/modelo-de-ANS.pdf, id=950, page=1, 598.235pt x 846.16125pt>
File: ./mods/modelo-de-ANS.pdf Graphic file (type pdf)
<use ./mods/modelo-de-ANS.pdf, page 1>
Package pdftex.def Info: ./mods/modelo-de-ANS.pdf , page1 used on input line 58.
(pdftex.def)             Requested size: 426.79134pt x 603.67085pt.
File: ./mods/modelo-de-ANS.pdf Graphic file (type pdf)
<use ./mods/modelo-de-ANS.pdf, page 1>
Package pdftex.def Info: ./mods/modelo-de-ANS.pdf , page1 used on input line 58.
(pdftex.def)             Requested size: 598.23354pt x 846.1592pt.
[83

]
File: ./mods/modelo-de-ANS.pdf Graphic file (type pdf)
<use ./mods/modelo-de-ANS.pdf, page 1>
Package pdftex.def Info: ./mods/modelo-de-ANS.pdf , page1 used on input line 58.
(pdftex.def)             Requested size: 598.23354pt x 846.1592pt.
File: ./mods/modelo-de-ANS.pdf Graphic file (type pdf)
<use ./mods/modelo-de-ANS.pdf, page 1>
Package pdftex.def Info: ./mods/modelo-de-ANS.pdf , page1 used on input line 58.
(pdftex.def)             Requested size: 598.23354pt x 846.1592pt.
File: ./mods/modelo-de-ANS.pdf Graphic file (type pdf)
<use ./mods/modelo-de-ANS.pdf, page 1>
Package pdftex.def Info: ./mods/modelo-de-ANS.pdf , page1 used on input line 58.
(pdftex.def)             Requested size: 598.23354pt x 846.1592pt.
 [84 <./mods/modelo-de-ANS.pdf>]
<./mods/modelo-de-ANS.pdf, id=987, page=2, 598.235pt x 846.16125pt>
File: ./mods/modelo-de-ANS.pdf Graphic file (type pdf)
<use ./mods/modelo-de-ANS.pdf, page 2>
Package pdftex.def Info: ./mods/modelo-de-ANS.pdf , page2 used on input line 58.
(pdftex.def)             Requested size: 598.23354pt x 846.1592pt.
File: ./mods/modelo-de-ANS.pdf Graphic file (type pdf)
<use ./mods/modelo-de-ANS.pdf, page 2>
Package pdftex.def Info: ./mods/modelo-de-ANS.pdf , page2 used on input line 58.
(pdftex.def)             Requested size: 598.23354pt x 846.1592pt.
File: ./mods/modelo-de-ANS.pdf Graphic file (type pdf)
<use ./mods/modelo-de-ANS.pdf, page 2>
Package pdftex.def Info: ./mods/modelo-de-ANS.pdf , page2 used on input line 58.
(pdftex.def)             Requested size: 598.23354pt x 846.1592pt.
 [85 <./mods/modelo-de-ANS.pdf>]
<./mods/modelo-de-ANS.pdf, id=997, page=3, 598.235pt x 846.16125pt>
File: ./mods/modelo-de-ANS.pdf Graphic file (type pdf)
<use ./mods/modelo-de-ANS.pdf, page 3>
Package pdftex.def Info: ./mods/modelo-de-ANS.pdf , page3 used on input line 58.
(pdftex.def)             Requested size: 598.23354pt x 846.1592pt.
File: ./mods/modelo-de-ANS.pdf Graphic file (type pdf)
<use ./mods/modelo-de-ANS.pdf, page 3>
Package pdftex.def Info: ./mods/modelo-de-ANS.pdf , page3 used on input line 58.
(pdftex.def)             Requested size: 598.23354pt x 846.1592pt.
File: ./mods/modelo-de-ANS.pdf Graphic file (type pdf)
<use ./mods/modelo-de-ANS.pdf, page 3>
Package pdftex.def Info: ./mods/modelo-de-ANS.pdf , page3 used on input line 58.
(pdftex.def)             Requested size: 598.23354pt x 846.1592pt.
 [86 <./mods/modelo-de-ANS.pdf>]
<./mods/modelo-de-ANS.pdf, id=1003, page=4, 598.235pt x 846.16125pt>
File: ./mods/modelo-de-ANS.pdf Graphic file (type pdf)
<use ./mods/modelo-de-ANS.pdf, page 4>
Package pdftex.def Info: ./mods/modelo-de-ANS.pdf , page4 used on input line 58.
(pdftex.def)             Requested size: 598.23354pt x 846.1592pt.
File: ./mods/modelo-de-ANS.pdf Graphic file (type pdf)
<use ./mods/modelo-de-ANS.pdf, page 4>
Package pdftex.def Info: ./mods/modelo-de-ANS.pdf , page4 used on input line 58.
(pdftex.def)             Requested size: 598.23354pt x 846.1592pt.
File: ./mods/modelo-de-ANS.pdf Graphic file (type pdf)
<use ./mods/modelo-de-ANS.pdf, page 4>
Package pdftex.def Info: ./mods/modelo-de-ANS.pdf , page4 used on input line 58.
(pdftex.def)             Requested size: 598.23354pt x 846.1592pt.
 [87 <./mods/modelo-de-ANS.pdf>]
<./mods/modelo-de-ANS.pdf, id=1008, page=5, 598.235pt x 846.16125pt>
File: ./mods/modelo-de-ANS.pdf Graphic file (type pdf)
<use ./mods/modelo-de-ANS.pdf, page 5>
Package pdftex.def Info: ./mods/modelo-de-ANS.pdf , page5 used on input line 58.
(pdftex.def)             Requested size: 598.23354pt x 846.1592pt.
File: ./mods/modelo-de-ANS.pdf Graphic file (type pdf)
<use ./mods/modelo-de-ANS.pdf, page 5>
Package pdftex.def Info: ./mods/modelo-de-ANS.pdf , page5 used on input line 58.
(pdftex.def)             Requested size: 598.23354pt x 846.1592pt.
File: ./mods/modelo-de-ANS.pdf Graphic file (type pdf)
<use ./mods/modelo-de-ANS.pdf, page 5>
Package pdftex.def Info: ./mods/modelo-de-ANS.pdf , page5 used on input line 58.
(pdftex.def)             Requested size: 598.23354pt x 846.1592pt.
 [88 <./mods/modelo-de-ANS.pdf>]
<./mods/modelo-de-ANS.pdf, id=1013, page=6, 598.235pt x 846.16125pt>
File: ./mods/modelo-de-ANS.pdf Graphic file (type pdf)
<use ./mods/modelo-de-ANS.pdf, page 6>
Package pdftex.def Info: ./mods/modelo-de-ANS.pdf , page6 used on input line 58.
(pdftex.def)             Requested size: 598.23354pt x 846.1592pt.
File: ./mods/modelo-de-ANS.pdf Graphic file (type pdf)
<use ./mods/modelo-de-ANS.pdf, page 6>
Package pdftex.def Info: ./mods/modelo-de-ANS.pdf , page6 used on input line 58.
(pdftex.def)             Requested size: 598.23354pt x 846.1592pt.
File: ./mods/modelo-de-ANS.pdf Graphic file (type pdf)
<use ./mods/modelo-de-ANS.pdf, page 6>
Package pdftex.def Info: ./mods/modelo-de-ANS.pdf , page6 used on input line 58.
(pdftex.def)             Requested size: 598.23354pt x 846.1592pt.
 [89 <./mods/modelo-de-ANS.pdf>]
<./mods/modelo-de-ANS.pdf, id=1019, page=7, 598.235pt x 846.16125pt>
File: ./mods/modelo-de-ANS.pdf Graphic file (type pdf)
<use ./mods/modelo-de-ANS.pdf, page 7>
Package pdftex.def Info: ./mods/modelo-de-ANS.pdf , page7 used on input line 58.
(pdftex.def)             Requested size: 598.23354pt x 846.1592pt.
File: ./mods/modelo-de-ANS.pdf Graphic file (type pdf)
<use ./mods/modelo-de-ANS.pdf, page 7>
Package pdftex.def Info: ./mods/modelo-de-ANS.pdf , page7 used on input line 58.
(pdftex.def)             Requested size: 598.23354pt x 846.1592pt.
File: ./mods/modelo-de-ANS.pdf Graphic file (type pdf)
<use ./mods/modelo-de-ANS.pdf, page 7>
Package pdftex.def Info: ./mods/modelo-de-ANS.pdf , page7 used on input line 58.
(pdftex.def)             Requested size: 598.23354pt x 846.1592pt.
 [90 <./mods/modelo-de-ANS.pdf>]
<./mods/modelo-de-ANS.pdf, id=1024, page=8, 598.235pt x 846.16125pt>
File: ./mods/modelo-de-ANS.pdf Graphic file (type pdf)
<use ./mods/modelo-de-ANS.pdf, page 8>
Package pdftex.def Info: ./mods/modelo-de-ANS.pdf , page8 used on input line 58.
(pdftex.def)             Requested size: 598.23354pt x 846.1592pt.
File: ./mods/modelo-de-ANS.pdf Graphic file (type pdf)
<use ./mods/modelo-de-ANS.pdf, page 8>
Package pdftex.def Info: ./mods/modelo-de-ANS.pdf , page8 used on input line 58.
(pdftex.def)             Requested size: 598.23354pt x 846.1592pt.
File: ./mods/modelo-de-ANS.pdf Graphic file (type pdf)
<use ./mods/modelo-de-ANS.pdf, page 8>
Package pdftex.def Info: ./mods/modelo-de-ANS.pdf , page8 used on input line 58.
(pdftex.def)             Requested size: 598.23354pt x 846.1592pt.
 [91 <./mods/modelo-de-ANS.pdf>]
<./mods/modelo-de-ANO.pdf, id=1029, 598.235pt x 846.16125pt>
File: ./mods/modelo-de-ANO.pdf Graphic file (type pdf)
<use ./mods/modelo-de-ANO.pdf>
Package pdftex.def Info: ./mods/modelo-de-ANO.pdf  used on input line 59.
(pdftex.def)             Requested size: 598.23354pt x 846.1592pt.
File: ./mods/modelo-de-ANO.pdf Graphic file (type pdf)
<use ./mods/modelo-de-ANO.pdf>
Package pdftex.def Info: ./mods/modelo-de-ANO.pdf  used on input line 59.
(pdftex.def)             Requested size: 598.23354pt x 846.1592pt.
<./mods/modelo-de-ANO.pdf, id=1032, page=1, 598.235pt x 846.16125pt>
File: ./mods/modelo-de-ANO.pdf Graphic file (type pdf)
<use ./mods/modelo-de-ANO.pdf, page 1>
Package pdftex.def Info: ./mods/modelo-de-ANO.pdf , page1 used on input line 59.
(pdftex.def)             Requested size: 426.79134pt x 603.67085pt.
File: ./mods/modelo-de-ANO.pdf Graphic file (type pdf)
<use ./mods/modelo-de-ANO.pdf, page 1>
Package pdftex.def Info: ./mods/modelo-de-ANO.pdf , page1 used on input line 59.
(pdftex.def)             Requested size: 598.23354pt x 846.1592pt.
File: ./mods/modelo-de-ANO.pdf Graphic file (type pdf)
<use ./mods/modelo-de-ANO.pdf, page 1>
Package pdftex.def Info: ./mods/modelo-de-ANO.pdf , page1 used on input line 59.
(pdftex.def)             Requested size: 598.23354pt x 846.1592pt.
File: ./mods/modelo-de-ANO.pdf Graphic file (type pdf)
<use ./mods/modelo-de-ANO.pdf, page 1>
Package pdftex.def Info: ./mods/modelo-de-ANO.pdf , page1 used on input line 59.
(pdftex.def)             Requested size: 598.23354pt x 846.1592pt.
File: ./mods/modelo-de-ANO.pdf Graphic file (type pdf)
<use ./mods/modelo-de-ANO.pdf, page 1>
Package pdftex.def Info: ./mods/modelo-de-ANO.pdf , page1 used on input line 59.
(pdftex.def)             Requested size: 598.23354pt x 846.1592pt.
 [92 <./mods/modelo-de-ANO.pdf>]
<./mods/modelo-de-ANO.pdf, id=1064, page=2, 598.235pt x 846.16125pt>
File: ./mods/modelo-de-ANO.pdf Graphic file (type pdf)
<use ./mods/modelo-de-ANO.pdf, page 2>
Package pdftex.def Info: ./mods/modelo-de-ANO.pdf , page2 used on input line 59.
(pdftex.def)             Requested size: 598.23354pt x 846.1592pt.
File: ./mods/modelo-de-ANO.pdf Graphic file (type pdf)
<use ./mods/modelo-de-ANO.pdf, page 2>
Package pdftex.def Info: ./mods/modelo-de-ANO.pdf , page2 used on input line 59.
(pdftex.def)             Requested size: 598.23354pt x 846.1592pt.
File: ./mods/modelo-de-ANO.pdf Graphic file (type pdf)
<use ./mods/modelo-de-ANO.pdf, page 2>
Package pdftex.def Info: ./mods/modelo-de-ANO.pdf , page2 used on input line 59.
(pdftex.def)             Requested size: 598.23354pt x 846.1592pt.
 [93 <./mods/modelo-de-ANO.pdf>]
<./mods/modelo-de-ANO.pdf, id=1074, page=3, 598.235pt x 846.16125pt>
File: ./mods/modelo-de-ANO.pdf Graphic file (type pdf)
<use ./mods/modelo-de-ANO.pdf, page 3>
Package pdftex.def Info: ./mods/modelo-de-ANO.pdf , page3 used on input line 59.
(pdftex.def)             Requested size: 598.23354pt x 846.1592pt.
File: ./mods/modelo-de-ANO.pdf Graphic file (type pdf)
<use ./mods/modelo-de-ANO.pdf, page 3>
Package pdftex.def Info: ./mods/modelo-de-ANO.pdf , page3 used on input line 59.
(pdftex.def)             Requested size: 598.23354pt x 846.1592pt.
File: ./mods/modelo-de-ANO.pdf Graphic file (type pdf)
<use ./mods/modelo-de-ANO.pdf, page 3>
Package pdftex.def Info: ./mods/modelo-de-ANO.pdf , page3 used on input line 59.
(pdftex.def)             Requested size: 598.23354pt x 846.1592pt.
 [94 <./mods/modelo-de-ANO.pdf>]
<./mods/modelo-de-ANO.pdf, id=1080, page=4, 598.235pt x 846.16125pt>
File: ./mods/modelo-de-ANO.pdf Graphic file (type pdf)
<use ./mods/modelo-de-ANO.pdf, page 4>
Package pdftex.def Info: ./mods/modelo-de-ANO.pdf , page4 used on input line 59.
(pdftex.def)             Requested size: 598.23354pt x 846.1592pt.
File: ./mods/modelo-de-ANO.pdf Graphic file (type pdf)
<use ./mods/modelo-de-ANO.pdf, page 4>
Package pdftex.def Info: ./mods/modelo-de-ANO.pdf , page4 used on input line 59.
(pdftex.def)             Requested size: 598.23354pt x 846.1592pt.
File: ./mods/modelo-de-ANO.pdf Graphic file (type pdf)
<use ./mods/modelo-de-ANO.pdf, page 4>
Package pdftex.def Info: ./mods/modelo-de-ANO.pdf , page4 used on input line 59.
(pdftex.def)             Requested size: 598.23354pt x 846.1592pt.

[95 <./mods/modelo-de-ANO.pdf>]
<./mods/modelo-de-ANO.pdf, id=1086, page=5, 598.235pt x 846.16125pt>
File: ./mods/modelo-de-ANO.pdf Graphic file (type pdf)
<use ./mods/modelo-de-ANO.pdf, page 5>
Package pdftex.def Info: ./mods/modelo-de-ANO.pdf , page5 used on input line 59.
(pdftex.def)             Requested size: 598.23354pt x 846.1592pt.
File: ./mods/modelo-de-ANO.pdf Graphic file (type pdf)
<use ./mods/modelo-de-ANO.pdf, page 5>
Package pdftex.def Info: ./mods/modelo-de-ANO.pdf , page5 used on input line 59.
(pdftex.def)             Requested size: 598.23354pt x 846.1592pt.
File: ./mods/modelo-de-ANO.pdf Graphic file (type pdf)
<use ./mods/modelo-de-ANO.pdf, page 5>
Package pdftex.def Info: ./mods/modelo-de-ANO.pdf , page5 used on input line 59.
(pdftex.def)             Requested size: 598.23354pt x 846.1592pt.
 [96 <./mods/modelo-de-ANO.pdf>]
<./mods/modelo-de-ANO.pdf, id=1091, page=6, 598.235pt x 846.16125pt>
File: ./mods/modelo-de-ANO.pdf Graphic file (type pdf)
<use ./mods/modelo-de-ANO.pdf, page 6>
Package pdftex.def Info: ./mods/modelo-de-ANO.pdf , page6 used on input line 59.
(pdftex.def)             Requested size: 598.23354pt x 846.1592pt.
File: ./mods/modelo-de-ANO.pdf Graphic file (type pdf)
<use ./mods/modelo-de-ANO.pdf, page 6>
Package pdftex.def Info: ./mods/modelo-de-ANO.pdf , page6 used on input line 59.
(pdftex.def)             Requested size: 598.23354pt x 846.1592pt.
File: ./mods/modelo-de-ANO.pdf Graphic file (type pdf)
<use ./mods/modelo-de-ANO.pdf, page 6>
Package pdftex.def Info: ./mods/modelo-de-ANO.pdf , page6 used on input line 59.
(pdftex.def)             Requested size: 598.23354pt x 846.1592pt.
 [97 <./mods/modelo-de-ANO.pdf>]
<./mods/modelo-de-ANO.pdf, id=1096, page=7, 598.235pt x 846.16125pt>
File: ./mods/modelo-de-ANO.pdf Graphic file (type pdf)
<use ./mods/modelo-de-ANO.pdf, page 7>
Package pdftex.def Info: ./mods/modelo-de-ANO.pdf , page7 used on input line 59.
(pdftex.def)             Requested size: 598.23354pt x 846.1592pt.
File: ./mods/modelo-de-ANO.pdf Graphic file (type pdf)
<use ./mods/modelo-de-ANO.pdf, page 7>
Package pdftex.def Info: ./mods/modelo-de-ANO.pdf , page7 used on input line 59.
(pdftex.def)             Requested size: 598.23354pt x 846.1592pt.
File: ./mods/modelo-de-ANO.pdf Graphic file (type pdf)
<use ./mods/modelo-de-ANO.pdf, page 7>
Package pdftex.def Info: ./mods/modelo-de-ANO.pdf , page7 used on input line 59.
(pdftex.def)             Requested size: 598.23354pt x 846.1592pt.
 [98 <./mods/modelo-de-ANO.pdf>]
<./mods/modelo-de-ANO.pdf, id=1101, page=8, 598.235pt x 846.16125pt>
File: ./mods/modelo-de-ANO.pdf Graphic file (type pdf)
<use ./mods/modelo-de-ANO.pdf, page 8>
Package pdftex.def Info: ./mods/modelo-de-ANO.pdf , page8 used on input line 59.
(pdftex.def)             Requested size: 598.23354pt x 846.1592pt.
File: ./mods/modelo-de-ANO.pdf Graphic file (type pdf)
<use ./mods/modelo-de-ANO.pdf, page 8>
Package pdftex.def Info: ./mods/modelo-de-ANO.pdf , page8 used on input line 59.
(pdftex.def)             Requested size: 598.23354pt x 846.1592pt.
File: ./mods/modelo-de-ANO.pdf Graphic file (type pdf)
<use ./mods/modelo-de-ANO.pdf, page 8>
Package pdftex.def Info: ./mods/modelo-de-ANO.pdf , page8 used on input line 59.
(pdftex.def)             Requested size: 598.23354pt x 846.1592pt.
 [99 <./mods/modelo-de-ANO.pdf>]) 
AED: lastpage setting LastPage
Package atveryend Info: Empty hook `BeforeClearDocument' on input line 118.
Package atveryend Info: Empty hook `AfterLastShipout' on input line 118.
(monografia.aux)
Package atveryend Info: Executing hook `AtVeryEndDocument' on input line 118.
Package atveryend Info: Executing hook `AtEndAfterFileList' on input line 118.
Package rerunfilecheck Info: File `monografia.out' has not changed.
(rerunfilecheck)             Checksum: C570216A755E315BCA4B0ED6C4EE4F3A;3773.
Package atveryend Info: Empty hook `AtVeryVeryEnd' on input line 118.
 ) 
Here is how much of TeX's memory you used:
 12192 strings out of 492970
 189219 string characters out of 3135855
 314445 words of memory out of 3000000
 15498 multiletter control sequences out of 15000+200000
 133638 words of font info for 161 fonts, out of 3000000 for 9000
 1141 hyphenation exceptions out of 8191
 45i,20n,54p,2061b,564s stack positions out of 5000i,500n,10000p,200000b,50000s
{C:/Program Files/MiKTeX 2.9/fonts/enc/dvips/base/8r.enc}<C:/Program Files/MiKTeX 2.9/fonts/type1/public/amsfonts/cm/c
msy10.pfb><C:/Program Files/MiKTeX 2.9/fonts/type1/urw/courier/ucrr8a.pfb><C:/Program Files/MiKTeX 2.9/fonts/type1/urw/h
elvetic/uhvb8a.pfb><C:/Program Files/MiKTeX 2.9/fonts/type1/urw/helvetic/uhvr8a.pfb><C:/Program Files/MiKTeX 2.9/fonts/t
ype1/urw/times/utmb8a.pfb><C:/Program Files/MiKTeX 2.9/fonts/type1/urw/times/utmbi8a.pfb><C:/Program Files/MiKTeX 2.9/fo
nts/type1/urw/times/utmr8a.pfb><C:/Program Files/MiKTeX 2.9/fonts/type1/urw/times/utmri8a.pfb>
Output written on monografia.pdf (101 pages, 2594711 bytes).
PDF statistics:
 1185 PDF objects out of 1200 (max. 8388607)
 227 named destinations out of 1000 (max. 500000)
 742 words of extra memory for PDF output out of 10000 (max. 10000000)

