\BOOKMARK [0][-]{pretexto.0}{Elementos Pr\351-Textuais}{}% 1
\BOOKMARK [1][-]{pretexto.1.1}{Capa}{pretexto.0}% 2
\BOOKMARK [1][-]{pretexto.2.1}{Publica\347\343o}{pretexto.0}% 3
\BOOKMARK [1][-]{pretexto.3.1}{Folha de Rosto}{pretexto.0}% 4
\BOOKMARK [1][-]{pretexto.4.1}{Aprova\347\343o}{pretexto.0}% 5
\BOOKMARK [1][-]{pretexto.5.1}{Direitos Autorais}{pretexto.0}% 6
\BOOKMARK [1][-]{pretexto.6.1}{Dedicat\363ria}{pretexto.0}% 7
\BOOKMARK [1][-]{pretexto.7.1}{Agradecimentos}{pretexto.0}% 8
\BOOKMARK [1][-]{pretexto.11.1}{Ep\355grafe}{pretexto.0}% 9
\BOOKMARK [1][-]{pretexto.8.1}{Resumo}{pretexto.0}% 10
\BOOKMARK [1][-]{pretexto.9.1}{Abstract}{pretexto.0}% 11
\BOOKMARK [0][-]{sumario.0}{Sum\341rio}{}% 12
\BOOKMARK [1][-]{pretexto.10.1}{Siglas}{sumario.0}% 13
\BOOKMARK [0][-]{table.1}{Lista de Figuras}{}% 14
\BOOKMARK [0][-]{table.1}{Lista de Tabelas}{}% 15
\BOOKMARK [0][-]{chapter.2}{1 Introdu\347\343o}{}% 16
\BOOKMARK [1][-]{section.5}{1.1 Justificativa}{chapter.2}% 17
\BOOKMARK [1][-]{section.6}{1.2 Objetivos}{chapter.2}% 18
\BOOKMARK [1][-]{section.11}{1.3 Metodologia}{chapter.2}% 19
\BOOKMARK [1][-]{section.12}{1.4 Estrutura}{chapter.2}% 20
\BOOKMARK [0][-]{chapter.13}{2 Conceitos Preliminares}{}% 21
\BOOKMARK [1][-]{section.14}{2.1 Uma vis\343o geral sobre ITIL}{chapter.13}% 22
\BOOKMARK [1][-]{section.21}{2.2 O foco em Desenho de Servi\347os}{chapter.13}% 23
\BOOKMARK [2][-]{subsection.25}{2.2.1 Gerenciamento de N\355vel de Servi\347o \(GNS\)}{section.21}% 24
\BOOKMARK [2][-]{subsection.27}{2.2.2 Gerenciamento do Cat\341logo de Servi\347o}{section.21}% 25
\BOOKMARK [0][-]{chapter.29}{3 Unidade de An\341lise}{}% 26
\BOOKMARK [1][-]{section.30}{3.1 Estat\355sticas de Atendimento}{chapter.29}% 27
\BOOKMARK [1][-]{section.33}{3.2 Etapas do estudo de caso}{chapter.29}% 28
\BOOKMARK [2][-]{subsection.44}{3.2.1 Etapa 01: Alinhamento, planejamento e levantamento de servi\347os de TI}{section.33}% 29
\BOOKMARK [3][-]{subsubsection.45}{ a\) Alinhamento do trabalho}{subsection.44}% 30
\BOOKMARK [3][-]{subsubsection.46}{ b\) Levantamento preliminar de servi\347os de TI}{subsection.44}% 31
\BOOKMARK [3][-]{subsubsection.48}{ c\) Fluxos de processos de atendimento}{subsection.44}% 32
\BOOKMARK [3][-]{subsubsection.52}{ d\) Planejamento e defini\347\365es do estudo de caso}{subsection.44}% 33
\BOOKMARK [2][-]{subsection.54}{3.2.2 Etapa 02: Categoriza\347\343o e Especifica\347\343o de Servi\347os e Modelo de Acordos}{section.33}% 34
\BOOKMARK [3][-]{subsubsection.55}{ a\) Refinamento do levantamento de servi\347os das equipes e categoriza\347\343o dos servi\347os de TI}{subsection.54}% 35
\BOOKMARK [3][-]{subsubsection.70}{ b\) Categoriza\347\343o dos servi\347os oferecidos pelo CERCOMP}{subsection.54}% 36
\BOOKMARK [3][-]{subsubsection.72}{ c\) Aplica\347\343o da especifica\347\343o de servi\347os de TI e acordos}{subsection.54}% 37
\BOOKMARK [3][-]{subsubsection.73}{ d\) Proposi\347\343o dos modelos de especifica\347\343o de servi\347os e acordos}{subsection.54}% 38
\BOOKMARK [2][-]{subsection.75}{3.2.3 Etapa 03: Gest\343o e Aprimoramento do Cat\341logo de Servi\347os}{section.33}% 39
\BOOKMARK [3][-]{subsubsection.76}{ a\) Gerenciamento do Cat\341logo de Servi\347os de TI do CERCOMP}{subsection.75}% 40
\BOOKMARK [3][-]{subsubsection.83}{ b\) Aprimoramento do Cat\341logo de Servi\347os de TI do CERCOMP}{subsection.75}% 41
\BOOKMARK [0][-]{chapter.86}{4 Considera\347\365es Finais}{}% 42
\BOOKMARK [1][-]{section.87}{4.1 Trabalhos Futuros}{chapter.86}% 43
\BOOKMARK [0][-]{section.87}{Refer\352ncias Bibliogr\341ficas}{}% 44
\BOOKMARK [0][-]{appendix.88}{A Ap\352ndice}{}% 45
\BOOKMARK [0][-]{appendix.97}{B Ap\352ndice}{}% 46
\BOOKMARK [0][-]{appendix.98}{C Ap\352ndice}{}% 47
